[ 2017-05-31T09:26:43+08:00 ] ::1 /index.php?m=&c=Flow&a=save
INFO: [ app_init ] --START--
INFO: Run Behavior\BuildLiteBehavior [ RunTime:0.000000s ]
INFO: [ app_init ] --END-- [ RunTime:0.001000s ]
INFO: [ app_begin ] --START--
INFO: Run Behavior\ReadHtmlCacheBehavior [ RunTime:0.001001s ]
INFO: [ app_begin ] --END-- [ RunTime:0.001001s ]
INFO: [ action_begin ] --START--
SQL: SHOW COLUMNS FROM `think_node` [ RunTime:0.0070s ]
SQL: 		SELECT c.badge_function,c.sort, c.id, c.pid, c.name, c.url,sum(b.admin) as 'admin' ,sum(b.write) as  'write' ,sum(b.read) as 'read',c.icon 		FROM think_role_user AS a, think_role_node b, think_node AS c 		WHERE a.role_id = b.role_id and c.is_del=0 		AND a.user_id =109		AND c.is_del =0 		AND c.id = b.node_id 		group by c.id		ORDER BY c.sort  [ RunTime:0.0480s ]
INFO: Run Common\Behavior\AuthCheckBehavior [ RunTime:0.076008s ]
INFO: [ action_begin ] --END-- [ RunTime:0.076008s ]
SQL: 		SELECT distinct c.id, c.pid, c.name, c.url,c.icon		FROM think_role_user AS a, think_role_node b, think_node AS c 		WHERE a.role_id = b.role_id and c.is_del=0 		AND a.user_id =109		AND c.is_del =0 		AND c.id = b.node_id 		AND c.pid = 0 		ORDER BY c.sort asc [ RunTime:0.0100s ]
SQL: 		SELECT c.badge_function,c.sort, c.id, c.pid, c.name, c.url,sum(b.admin) as 'admin' ,sum(b.write) as  'write' ,sum(b.read) as 'read',c.icon 		FROM think_role_user AS a, think_role_node b, think_node AS c 		WHERE a.role_id = b.role_id and c.is_del=0 		AND a.user_id =109		AND c.is_del =0 		AND c.id = b.node_id 		group by c.id		ORDER BY c.sort  [ RunTime:0.0480s ]
SQL: SHOW COLUMNS FROM `think_system_folder` [ RunTime:0.0090s ]
SQL: SELECT  'badge_count_system_folder'    badge_function,  a.id                           fid,  a.sort,  CONCAT('sfid_',a.id)        AS id,  a.name,  a.controller,  a.sort,  CONCAT('sfid_',a.pid)       AS pid,  CONCAT(a.controller,'/folder?fid=',a.id) AS url FROM think_system_folder  AS a WHERE is_del = 0 ORDER BY a.controller,a.sort asc [ RunTime:0.0010s ]
SQL: SHOW COLUMNS FROM `think_user_folder` [ RunTime:0.0070s ]
SQL: SELECT  'badge_count_user_folder'    badge_function,  a.id                           fid,  a.sort,  CONCAT('ufid_',a.id)        AS id,  a.name,  a.controller,  a.sort,  CONCAT('ufid_',a.pid)       AS pid,  CONCAT(a.controller,'/folder?fid=',a.id) AS url FROM think_user_folder  AS a WHERE is_del = 0 and user_id=109 ORDER BY a.controller,a.sort asc [ RunTime:0.0020s ]
SQL: SELECT `name` FROM `think_node` WHERE `id` = '87' LIMIT 1   [ RunTime:0.0020s ]
SQL: SHOW COLUMNS FROM `think_system_config` [ RunTime:0.0070s ]
SQL: SELECT COUNT(*) AS tp_count FROM `think_system_config` WHERE `code` = 'system_name' LIMIT 1   [ RunTime:0.0020s ]
SQL: SELECT `val` FROM `think_system_config` WHERE `code` = 'system_name' LIMIT 1   [ RunTime:0.0010s ]
SQL: 		SELECT c.badge_function,c.sort, c.id, c.pid, c.name, c.url,sum(b.admin) as 'admin' ,sum(b.write) as  'write' ,sum(b.read) as 'read',c.icon 		FROM think_role_user AS a, think_role_node b, think_node AS c 		WHERE a.role_id = b.role_id and c.is_del=0 		AND a.user_id =109		AND c.is_del =0 		AND c.id = b.node_id 		group by c.id		ORDER BY c.sort  [ RunTime:0.0500s ]
SQL: SELECT  'badge_count_system_folder'    badge_function,  a.id                           fid,  a.sort,  CONCAT('sfid_',a.id)        AS id,  a.name,  a.controller,  a.sort,  CONCAT('sfid_',a.pid)       AS pid,  CONCAT(a.controller,'/folder?fid=',a.id) AS url FROM think_system_folder  AS a WHERE is_del = 0 ORDER BY a.controller,a.sort asc [ RunTime:0.0020s ]
SQL: SELECT  'badge_count_user_folder'    badge_function,  a.id                           fid,  a.sort,  CONCAT('ufid_',a.id)        AS id,  a.name,  a.controller,  a.sort,  CONCAT('ufid_',a.pid)       AS pid,  CONCAT(a.controller,'/folder?fid=',a.id) AS url FROM think_user_folder  AS a WHERE is_del = 0 and user_id=109 ORDER BY a.controller,a.sort asc [ RunTime:0.0020s ]
SQL: SHOW COLUMNS FROM `think_task_log` [ RunTime:0.0080s ]
SQL: SELECT `task_id` FROM `think_task_log` WHERE `type` = 1 AND `status` < 20 AND `executor` = '109'  [ RunTime:0.0020s ]
SQL: SHOW COLUMNS FROM `think_role` [ RunTime:0.0070s ]
SQL: 		SELECT c.badge_function,c.sort, c.id, c.pid, c.name, c.url,sum(b.admin) as 'admin' ,sum(b.write) as  'write' ,sum(b.read) as 'read',c.icon 		FROM think_role_user AS a, think_role_node b, think_node AS c 		WHERE a.role_id = b.role_id and c.is_del=0 		AND a.user_id =109		AND c.is_del =0 		AND c.id = b.node_id 		group by c.id		ORDER BY c.sort  [ RunTime:0.0480s ]
SQL: SELECT `task_id` FROM `think_task_log` WHERE `type` = 2 AND `executor` = '31' AND `status` = '0'  [ RunTime:0.0010s ]
SQL: SHOW COLUMNS FROM `think_task` [ RunTime:0.0080s ]
SQL: SELECT `id` FROM `think_task`  [ RunTime:0.0010s ]
SQL: select id from think_task task where status=0 and not exists (select * from think_task_log task_log where task.id=task_log.task_id) [ RunTime:0.0010s ]
SQL: SHOW COLUMNS FROM `think_mail` [ RunTime:0.0080s ]
SQL: SELECT COUNT(*) AS tp_count FROM `think_mail` WHERE `user_id` = 109 AND `is_del` = '0' AND `folder` = 1 AND `read` = '0' LIMIT 1   [ RunTime:0.0010s ]
SQL: SHOW COLUMNS FROM `think_flow_log` [ RunTime:0.0070s ]
SQL: SELECT `flow_id` FROM `think_flow_log` WHERE `emp_no` = 'tony' AND `is_del` = 0 AND ( result is null )  [ RunTime:0.0020s ]
SQL: SELECT COUNT(*) AS tp_count FROM `think_mail` WHERE `user_id` = 109 AND `is_del` = '0' AND `folder` > 6 AND `read` = '0' LIMIT 1   [ RunTime:0.0010s ]
SQL: SHOW COLUMNS FROM `think_user` [ RunTime:0.0070s ]
SQL: SELECT `email` FROM `think_user` WHERE `emp_no` = 'tony' LIMIT 1   [ RunTime:0.0010s ]

