[ 2017-06-07T13:20:57+08:00 ] 10.6.8.145 /
DEBUG: --- _facade 111111 2222----
[ 2017-06-07T13:20:57+08:00 ] 10.6.8.145 /
DEBUG: --- _before_write $pwd---
[ 2017-06-07T13:20:57+08:00 ] 10.6.8.145 /
DEBUG: --- 流程插入的数据库ID ----119
[ 2017-06-07T13:20:57+08:00 ] 10.6.8.145 /
DEBUG: --- _facade 111111 2222----
[ 2017-06-07T13:20:57+08:00 ] 10.6.8.145 /
DEBUG: --- _before_write $pwd---
[ 2017-06-07T13:20:57+08:00 ] 10.6.8.145 /
DEBUG: --- 流程插入的数据库ID ----120
[ 2017-06-07T13:20:57+08:00 ] 10.6.8.145 /
INFO: [ app_init ] --START--
INFO: Run Behavior\BuildLiteBehavior [ RunTime:0.000000s ]
INFO: [ app_init ] --END-- [ RunTime:0.002000s ]
INFO: [ app_begin ] --START--
INFO: Run Behavior\ReadHtmlCacheBehavior [ RunTime:0.002000s ]
INFO: [ app_begin ] --END-- [ RunTime:0.002000s ]
INFO: [ action_begin ] --START--
INFO: Run Common\Behavior\AuthCheckBehavior [ RunTime:0.012000s ]
INFO: [ action_begin ] --END-- [ RunTime:0.012000s ]
SQL: SHOW COLUMNS FROM `think_node` [ RunTime:0.0070s ]
SQL: 		SELECT distinct c.id, c.pid, c.name, c.url,c.icon		FROM think_role_user AS a, think_role_node b, think_node AS c 		WHERE a.role_id = b.role_id and c.is_del=0 		AND a.user_id =104		AND c.is_del =0 		AND c.id = b.node_id 		AND c.pid = 0 		ORDER BY c.sort asc [ RunTime:0.0100s ]
SQL: 		SELECT c.badge_function,c.sort, c.id, c.pid, c.name, c.url,sum(b.admin) as 'admin' ,sum(b.write) as  'write' ,sum(b.read) as 'read',c.icon 		FROM think_role_user AS a, think_role_node b, think_node AS c 		WHERE a.role_id = b.role_id and c.is_del=0 		AND a.user_id =104		AND c.is_del =0 		AND c.id = b.node_id 		group by c.id		ORDER BY c.sort  [ RunTime:0.0540s ]
SQL: SHOW COLUMNS FROM `think_system_folder` [ RunTime:0.0090s ]
SQL: SELECT  'badge_count_system_folder'    badge_function,  a.id                           fid,  a.sort,  CONCAT('sfid_',a.id)        AS id,  a.name,  a.controller,  a.sort,  CONCAT('sfid_',a.pid)       AS pid,  CONCAT(a.controller,'/folder?fid=',a.id) AS url FROM think_system_folder  AS a WHERE is_del = 0 ORDER BY a.controller,a.sort asc [ RunTime:0.0020s ]
SQL: SHOW COLUMNS FROM `think_user_folder` [ RunTime:0.0080s ]
SQL: SELECT  'badge_count_user_folder'    badge_function,  a.id                           fid,  a.sort,  CONCAT('ufid_',a.id)        AS id,  a.name,  a.controller,  a.sort,  CONCAT('ufid_',a.pid)       AS pid,  CONCAT(a.controller,'/folder?fid=',a.id) AS url FROM think_user_folder  AS a WHERE is_del = 0 and user_id=104 ORDER BY a.controller,a.sort asc [ RunTime:0.0010s ]
SQL: SELECT `name` FROM `think_node` WHERE `id` = '87' LIMIT 1   [ RunTime:0.0010s ]
SQL: SHOW COLUMNS FROM `think_system_config` [ RunTime:0.0080s ]
SQL: SELECT COUNT(*) AS tp_count FROM `think_system_config` WHERE `code` = 'system_name' LIMIT 1   [ RunTime:0.0020s ]
SQL: SELECT `val` FROM `think_system_config` WHERE `code` = 'system_name' LIMIT 1   [ RunTime:0.0010s ]
SQL: 		SELECT c.badge_function,c.sort, c.id, c.pid, c.name, c.url,sum(b.admin) as 'admin' ,sum(b.write) as  'write' ,sum(b.read) as 'read',c.icon 		FROM think_role_user AS a, think_role_node b, think_node AS c 		WHERE a.role_id = b.role_id and c.is_del=0 		AND a.user_id =104		AND c.is_del =0 		AND c.id = b.node_id 		group by c.id		ORDER BY c.sort  [ RunTime:0.0530s ]
SQL: SELECT  'badge_count_system_folder'    badge_function,  a.id                           fid,  a.sort,  CONCAT('sfid_',a.id)        AS id,  a.name,  a.controller,  a.sort,  CONCAT('sfid_',a.pid)       AS pid,  CONCAT(a.controller,'/folder?fid=',a.id) AS url FROM think_system_folder  AS a WHERE is_del = 0 ORDER BY a.controller,a.sort asc [ RunTime:0.0020s ]
SQL: SELECT  'badge_count_user_folder'    badge_function,  a.id                           fid,  a.sort,  CONCAT('ufid_',a.id)        AS id,  a.name,  a.controller,  a.sort,  CONCAT('ufid_',a.pid)       AS pid,  CONCAT(a.controller,'/folder?fid=',a.id) AS url FROM think_user_folder  AS a WHERE is_del = 0 and user_id=104 ORDER BY a.controller,a.sort asc [ RunTime:0.0010s ]
SQL: SHOW COLUMNS FROM `think_task_log` [ RunTime:0.0080s ]
SQL: SELECT `task_id` FROM `think_task_log` WHERE `type` = 1 AND `status` < 20 AND `executor` = '104'  [ RunTime:0.0010s ]
SQL: SHOW COLUMNS FROM `think_role` [ RunTime:0.0080s ]
SQL: 		SELECT c.badge_function,c.sort, c.id, c.pid, c.name, c.url,sum(b.admin) as 'admin' ,sum(b.write) as  'write' ,sum(b.read) as 'read',c.icon 		FROM think_role_user AS a, think_role_node b, think_node AS c 		WHERE a.role_id = b.role_id and c.is_del=0 		AND a.user_id =104		AND c.is_del =0 		AND c.id = b.node_id 		group by c.id		ORDER BY c.sort  [ RunTime:0.0520s ]
SQL: SELECT `task_id` FROM `think_task_log` WHERE `type` = 2 AND `executor` = '40' AND `status` = '0'  [ RunTime:0.0020s ]
SQL: SHOW COLUMNS FROM `think_task` [ RunTime:0.0080s ]
SQL: SELECT `id` FROM `think_task`  [ RunTime:0.0010s ]
SQL: select id from think_task task where status=0 and not exists (select * from think_task_log task_log where task.id=task_log.task_id) [ RunTime:0.0010s ]
SQL: SHOW COLUMNS FROM `think_mail` [ RunTime:0.0070s ]
SQL: SELECT COUNT(*) AS tp_count FROM `think_mail` WHERE `user_id` = 104 AND `is_del` = '0' AND `folder` = 1 AND `read` = '0' LIMIT 1   [ RunTime:0.0020s ]
SQL: SHOW COLUMNS FROM `think_flow_log` [ RunTime:0.0070s ]
SQL: SELECT `flow_id` FROM `think_flow_log` WHERE `emp_no` = 'alex' AND `is_del` = 0 AND ( result is null )  [ RunTime:0.0020s ]
SQL: SHOW COLUMNS FROM `think_flow` [ RunTime:0.0080s ]
SQL: SELECT COUNT(*) AS tp_count FROM `think_flow` WHERE `id` IN ('19','19','22','22','23','23','29','30','36','46','46','47','47','48','48','49','50','50','51','52','55','61','61','165','174','175','176','180','181','182','183','199','200','201') LIMIT 1   [ RunTime:0.0010s ]
SQL: SELECT `flow_id` FROM `think_flow_log` WHERE `emp_no` = 'alex' AND `step` = 100 AND ( comment is null )  [ RunTime:0.0020s ]
SQL: SELECT COUNT(*) AS tp_count FROM `think_mail` WHERE `user_id` = 104 AND `is_del` = '0' AND `folder` > 6 AND `read` = '0' LIMIT 1   [ RunTime:0.0020s ]
SQL: SHOW COLUMNS FROM `think_todo` [ RunTime:0.0080s ]
SQL: SELECT COUNT(*) AS tp_count FROM `think_todo` WHERE `user_id` = 104 AND `status` IN ('1','2') LIMIT 1   [ RunTime:0.0010s ]
SQL: SHOW COLUMNS FROM `think_schedule` [ RunTime:0.0070s ]
SQL: SELECT COUNT(*) AS tp_count FROM `think_schedule` WHERE `user_id` = 104 AND `is_del` = 0 AND `start_time` >= '2017-06-07' LIMIT 1   [ RunTime:0.0010s ]
SQL: SHOW COLUMNS FROM `think_message` [ RunTime:0.0070s ]
SQL: SELECT COUNT(*) AS tp_count FROM `think_message` WHERE `owner_id` = 104 AND `receiver_id` = 104 AND `is_read` = '0' LIMIT 1   [ RunTime:0.0020s ]
SQL: SHOW COLUMNS FROM `think_file` [ RunTime:0.0080s ]
SQL: SELECT COUNT(*) AS tp_count FROM `think_file` LIMIT 1   [ RunTime:0.0020s ]
SQL: SHOW COLUMNS FROM `think_system_log` [ RunTime:0.0070s ]
NOTIC: [8] Undefined index: mail_pwd D:\Documents and Settings\Hill.j\Desktop\mdoa\xwoa_v2.0 (1)\ThinkPHP\Library\Think\Model.class.php 第 300 行.
SQL: INSERT INTO `think_system_log` (`time`,`type`,`data`) VALUES ('1496812857','1','18') [ RunTime:0.0020s ]
SQL: SELECT SUM(size) AS tp_sum FROM `think_file` LIMIT 1   [ RunTime:0.0020s ]
NOTIC: [8] Undefined index: mail_pwd D:\Documents and Settings\Hill.j\Desktop\mdoa\xwoa_v2.0 (1)\ThinkPHP\Library\Think\Model.class.php 第 300 行.
SQL: INSERT INTO `think_system_log` (`time`,`type`,`data`) VALUES ('1496812857','2','0.73414325714111') [ RunTime:0.0020s ]
SQL: SHOW COLUMNS FROM `think_user_config` [ RunTime:0.0080s ]
SQL: SELECT * FROM `think_user_config` WHERE `id` = 104 LIMIT 1   [ RunTime:0.0020s ]
SQL: SHOW COLUMNS FROM `think_mail` [ RunTime:0.0080s ]
SQL: SELECT `id`,`name`,`create_time` FROM `think_mail` WHERE `user_id` = 104 AND `is_del` = '0' AND ( `folder` = 1 OR `folder` > 6 ) ORDER BY create_time desc LIMIT 8   [ RunTime:0.0050s ]
SQL: SELECT `id`,`name`,`create_time` FROM `think_mail` WHERE `user_id` = 104 AND `is_del` = '0' AND ( `folder` = 1 OR `folder` > 6 ) AND `read` = '0' ORDER BY create_time desc LIMIT 8   [ RunTime:0.0050s ]
SQL: SHOW COLUMNS FROM `think_flow` [ RunTime:0.0090s ]
SQL: SELECT `flow_id` FROM `think_flow_log` WHERE `emp_no` = 'alex' AND `is_del` = 0 AND ( result is null )  [ RunTime:0.0020s ]
SQL: SELECT `id`,`name`,`create_time` FROM `think_flow` WHERE `id` IN ('19','19','22','22','23','23','29','30','36','46','46','47','47','48','48','49','50','50','51','52','55','61','61','165','174','175','176','180','181','182','183','199','200','201') ORDER BY create_time desc LIMIT 8   [ RunTime:0.0010s ]
SQL: SELECT `id`,`name`,`create_time` FROM `think_flow` WHERE `user_id` = 104 AND `step` > 10 ORDER BY create_time desc LIMIT 8   [ RunTime:0.0010s ]
SQL: SELECT * FROM `think_schedule` WHERE `user_id` = 104 AND `is_del` = 0 AND `start_time` >= '2017-06-07' ORDER BY start_time,priority desc LIMIT 8   [ RunTime:0.0020s ]
SQL: SELECT * FROM `think_todo` WHERE `user_id` = 104 AND `status` IN ('1','2') ORDER BY priority desc,sort asc LIMIT 8   [ RunTime:0.0010s ]
SQL: SHOW COLUMNS FROM `think_info_scope` [ RunTime:0.0070s ]
SQL: SELECT `info_id` FROM `think_info_scope` WHERE ( user_id=104 )  [ RunTime:0.0010s ]
NOTIC: [2] implode(): Invalid arguments passed D:\Documents and Settings\Hill.j\Desktop\mdoa\xwoa_v2.0 (1)\Application\Home\Controller\IndexController.class.php 第 206 行.
SQL: SELECT `id` FROM `think_system_folder` WHERE `controller` = 'Info'  [ RunTime:0.0010s ]
SQL: SHOW COLUMNS FROM `think_info` [ RunTime:0.0080s ]
SQL: SHOW COLUMNS FROM `think_system_folder` [ RunTime:0.0080s ]
SQL: SELECT Info.id AS id,Info.name AS name,Info.create_time AS create_time,SystemFolder.name AS folder_name FROM think_info Info  JOIN think_system_folder SystemFolder ON Info.folder=SystemFolder.id WHERE ( 1=2 ) AND Info.is_del = 0 ORDER BY Info.create_time desc LIMIT 8   [ RunTime:0.0020s ]
INFO: [ view_parse ] --START--
INFO: [ template_filter ] --START--
INFO: Run Behavior\ContentReplaceBehavior [ RunTime:0.000000s ]
INFO: [ template_filter ] --END-- [ RunTime:0.001000s ]
SQL: SELECT COUNT(*) AS tp_count FROM `think_system_config` WHERE `code` = 'system_name' LIMIT 1   [ RunTime:0.0030s ]
SQL: SELECT `val` FROM `think_system_config` WHERE `code` = 'system_name' LIMIT 1   [ RunTime:0.0020s ]
INFO: Run Behavior\ParseTemplateBehavior [ RunTime:0.062000s ]
INFO: [ view_parse ] --END-- [ RunTime:0.062000s ]
INFO: [ view_filter ] --START--
INFO: Run Behavior\WriteHtmlCacheBehavior [ RunTime:0.001000s ]
INFO: [ view_filter ] --END-- [ RunTime:0.001000s ]
INFO: [ app_end ] --START--
INFO: Run Behavior\ShowPageTraceBehavior [ RunTime:0.002000s ]
INFO: [ app_end ] --END-- [ RunTime:0.002000s ]

[ 2017-06-07T13:20:57+08:00 ] 10.6.8.145 /index.php?m=&c=push&a=client
INFO: [ app_init ] --START--
INFO: Run Behavior\BuildLiteBehavior [ RunTime:0.000000s ]
INFO: [ app_init ] --END-- [ RunTime:0.000000s ]
INFO: [ app_begin ] --START--
INFO: Run Behavior\ReadHtmlCacheBehavior [ RunTime:0.001000s ]
INFO: [ app_begin ] --END-- [ RunTime:0.001000s ]
INFO: [ action_begin ] --START--
INFO: Run Common\Behavior\AuthCheckBehavior [ RunTime:0.002000s ]
INFO: [ action_begin ] --END-- [ RunTime:0.002000s ]
SQL: SHOW COLUMNS FROM `think_node` [ RunTime:0.0110s ]
SQL: 		SELECT distinct c.id, c.pid, c.name, c.url,c.icon		FROM think_role_user AS a, think_role_node b, think_node AS c 		WHERE a.role_id = b.role_id and c.is_del=0 		AND a.user_id =104		AND c.is_del =0 		AND c.id = b.node_id 		AND c.pid = 0 		ORDER BY c.sort asc [ RunTime:0.0140s ]
SQL: 		SELECT c.badge_function,c.sort, c.id, c.pid, c.name, c.url,sum(b.admin) as 'admin' ,sum(b.write) as  'write' ,sum(b.read) as 'read',c.icon 		FROM think_role_user AS a, think_role_node b, think_node AS c 		WHERE a.role_id = b.role_id and c.is_del=0 		AND a.user_id =104		AND c.is_del =0 		AND c.id = b.node_id 		group by c.id		ORDER BY c.sort  [ RunTime:0.0530s ]
SQL: SHOW COLUMNS FROM `think_system_folder` [ RunTime:0.0090s ]
SQL: SELECT  'badge_count_system_folder'    badge_function,  a.id                           fid,  a.sort,  CONCAT('sfid_',a.id)        AS id,  a.name,  a.controller,  a.sort,  CONCAT('sfid_',a.pid)       AS pid,  CONCAT(a.controller,'/folder?fid=',a.id) AS url FROM think_system_folder  AS a WHERE is_del = 0 ORDER BY a.controller,a.sort asc [ RunTime:0.0020s ]
SQL: SHOW COLUMNS FROM `think_user_folder` [ RunTime:0.0080s ]
SQL: SELECT  'badge_count_user_folder'    badge_function,  a.id                           fid,  a.sort,  CONCAT('ufid_',a.id)        AS id,  a.name,  a.controller,  a.sort,  CONCAT('ufid_',a.pid)       AS pid,  CONCAT(a.controller,'/folder?fid=',a.id) AS url FROM think_user_folder  AS a WHERE is_del = 0 and user_id=104 ORDER BY a.controller,a.sort asc [ RunTime:0.0010s ]
SQL: SHOW COLUMNS FROM `think_system_config` [ RunTime:0.0070s ]
SQL: SELECT COUNT(*) AS tp_count FROM `think_system_config` WHERE `code` = 'system_name' LIMIT 1   [ RunTime:0.0020s ]
SQL: SELECT `val` FROM `think_system_config` WHERE `code` = 'system_name' LIMIT 1   [ RunTime:0.0010s ]
SQL: 		SELECT c.badge_function,c.sort, c.id, c.pid, c.name, c.url,sum(b.admin) as 'admin' ,sum(b.write) as  'write' ,sum(b.read) as 'read',c.icon 		FROM think_role_user AS a, think_role_node b, think_node AS c 		WHERE a.role_id = b.role_id and c.is_del=0 		AND a.user_id =104		AND c.is_del =0 		AND c.id = b.node_id 		group by c.id		ORDER BY c.sort  [ RunTime:0.0520s ]
SQL: SELECT  'badge_count_system_folder'    badge_function,  a.id                           fid,  a.sort,  CONCAT('sfid_',a.id)        AS id,  a.name,  a.controller,  a.sort,  CONCAT('sfid_',a.pid)       AS pid,  CONCAT(a.controller,'/folder?fid=',a.id) AS url FROM think_system_folder  AS a WHERE is_del = 0 ORDER BY a.controller,a.sort asc [ RunTime:0.0010s ]
SQL: SELECT  'badge_count_user_folder'    badge_function,  a.id                           fid,  a.sort,  CONCAT('ufid_',a.id)        AS id,  a.name,  a.controller,  a.sort,  CONCAT('ufid_',a.pid)       AS pid,  CONCAT(a.controller,'/folder?fid=',a.id) AS url FROM think_user_folder  AS a WHERE is_del = 0 and user_id=104 ORDER BY a.controller,a.sort asc [ RunTime:0.0010s ]
SQL: SHOW COLUMNS FROM `think_task_log` [ RunTime:0.0080s ]
SQL: SELECT `task_id` FROM `think_task_log` WHERE `type` = 1 AND `status` < 20 AND `executor` = '104'  [ RunTime:0.0020s ]
SQL: SHOW COLUMNS FROM `think_role` [ RunTime:0.0080s ]
SQL: 		SELECT c.badge_function,c.sort, c.id, c.pid, c.name, c.url,sum(b.admin) as 'admin' ,sum(b.write) as  'write' ,sum(b.read) as 'read',c.icon 		FROM think_role_user AS a, think_role_node b, think_node AS c 		WHERE a.role_id = b.role_id and c.is_del=0 		AND a.user_id =104		AND c.is_del =0 		AND c.id = b.node_id 		group by c.id		ORDER BY c.sort  [ RunTime:0.0520s ]
SQL: SELECT `task_id` FROM `think_task_log` WHERE `type` = 2 AND `executor` = '40' AND `status` = '0'  [ RunTime:0.0010s ]
SQL: SHOW COLUMNS FROM `think_task` [ RunTime:0.0090s ]
SQL: SELECT `id` FROM `think_task`  [ RunTime:0.0010s ]
SQL: select id from think_task task where status=0 and not exists (select * from think_task_log task_log where task.id=task_log.task_id) [ RunTime:0.0020s ]
SQL: SHOW COLUMNS FROM `think_mail` [ RunTime:0.0070s ]
SQL: SELECT COUNT(*) AS tp_count FROM `think_mail` WHERE `user_id` = 104 AND `is_del` = '0' AND `folder` = 1 AND `read` = '0' LIMIT 1   [ RunTime:0.0010s ]
SQL: SHOW COLUMNS FROM `think_flow_log` [ RunTime:0.0070s ]
SQL: SELECT `flow_id` FROM `think_flow_log` WHERE `emp_no` = 'alex' AND `is_del` = 0 AND ( result is null )  [ RunTime:0.0020s ]
SQL: SHOW COLUMNS FROM `think_flow` [ RunTime:0.0070s ]
SQL: SELECT COUNT(*) AS tp_count FROM `think_flow` WHERE `id` IN ('19','19','22','22','23','23','29','30','36','46','46','47','47','48','48','49','50','50','51','52','55','61','61','165','174','175','176','180','181','182','183','199','200','201') LIMIT 1   [ RunTime:0.0020s ]
SQL: SELECT `flow_id` FROM `think_flow_log` WHERE `emp_no` = 'alex' AND `step` = 100 AND ( comment is null )  [ RunTime:0.0020s ]
SQL: SELECT COUNT(*) AS tp_count FROM `think_mail` WHERE `user_id` = 104 AND `is_del` = '0' AND `folder` > 6 AND `read` = '0' LIMIT 1   [ RunTime:0.0010s ]
SQL: SHOW COLUMNS FROM `think_todo` [ RunTime:0.0070s ]
SQL: SELECT COUNT(*) AS tp_count FROM `think_todo` WHERE `user_id` = 104 AND `status` IN ('1','2') LIMIT 1   [ RunTime:0.0020s ]
SQL: SHOW COLUMNS FROM `think_schedule` [ RunTime:0.0070s ]
SQL: SELECT COUNT(*) AS tp_count FROM `think_schedule` WHERE `user_id` = 104 AND `is_del` = 0 AND `start_time` >= '2017-06-07' LIMIT 1   [ RunTime:0.0020s ]
SQL: SHOW COLUMNS FROM `think_message` [ RunTime:0.0070s ]
SQL: SELECT COUNT(*) AS tp_count FROM `think_message` WHERE `owner_id` = 104 AND `receiver_id` = 104 AND `is_read` = '0' LIMIT 1   [ RunTime:0.0010s ]
INFO: [ view_parse ] --START--
INFO: [ template_filter ] --START--
INFO: Run Behavior\ContentReplaceBehavior [ RunTime:0.001000s ]
INFO: [ template_filter ] --END-- [ RunTime:0.001000s ]
INFO: Run Behavior\ParseTemplateBehavior [ RunTime:0.020000s ]
INFO: [ view_parse ] --END-- [ RunTime:0.020000s ]
INFO: [ view_filter ] --START--
INFO: Run Behavior\WriteHtmlCacheBehavior [ RunTime:0.001000s ]
INFO: [ view_filter ] --END-- [ RunTime:0.001000s ]
INFO: [ app_end ] --START--
INFO: Run Behavior\ShowPageTraceBehavior [ RunTime:0.000000s ]
INFO: [ app_end ] --END-- [ RunTime:0.000000s ]

[ 2017-06-07T13:20:58+08:00 ] 10.6.8.145 /index.php?m=&c=push&a=server
INFO: [ app_init ] --START--
INFO: Run Behavior\BuildLiteBehavior [ RunTime:0.000000s ]
INFO: [ app_init ] --END-- [ RunTime:0.001000s ]
INFO: [ app_begin ] --START--
INFO: Run Behavior\ReadHtmlCacheBehavior [ RunTime:0.000000s ]
INFO: [ app_begin ] --END-- [ RunTime:0.000000s ]
INFO: [ action_begin ] --START--
INFO: Run Common\Behavior\AuthCheckBehavior [ RunTime:0.001000s ]
INFO: [ action_begin ] --END-- [ RunTime:0.001000s ]
SQL: SHOW COLUMNS FROM `think_node` [ RunTime:0.0080s ]
SQL: 		SELECT distinct c.id, c.pid, c.name, c.url,c.icon		FROM think_role_user AS a, think_role_node b, think_node AS c 		WHERE a.role_id = b.role_id and c.is_del=0 		AND a.user_id =104		AND c.is_del =0 		AND c.id = b.node_id 		AND c.pid = 0 		ORDER BY c.sort asc [ RunTime:0.0110s ]
SQL: 		SELECT c.badge_function,c.sort, c.id, c.pid, c.name, c.url,sum(b.admin) as 'admin' ,sum(b.write) as  'write' ,sum(b.read) as 'read',c.icon 		FROM think_role_user AS a, think_role_node b, think_node AS c 		WHERE a.role_id = b.role_id and c.is_del=0 		AND a.user_id =104		AND c.is_del =0 		AND c.id = b.node_id 		group by c.id		ORDER BY c.sort  [ RunTime:0.0530s ]
SQL: SHOW COLUMNS FROM `think_system_folder` [ RunTime:0.0090s ]
SQL: SELECT  'badge_count_system_folder'    badge_function,  a.id                           fid,  a.sort,  CONCAT('sfid_',a.id)        AS id,  a.name,  a.controller,  a.sort,  CONCAT('sfid_',a.pid)       AS pid,  CONCAT(a.controller,'/folder?fid=',a.id) AS url FROM think_system_folder  AS a WHERE is_del = 0 ORDER BY a.controller,a.sort asc [ RunTime:0.0020s ]
SQL: SHOW COLUMNS FROM `think_user_folder` [ RunTime:0.0080s ]
SQL: SELECT  'badge_count_user_folder'    badge_function,  a.id                           fid,  a.sort,  CONCAT('ufid_',a.id)        AS id,  a.name,  a.controller,  a.sort,  CONCAT('ufid_',a.pid)       AS pid,  CONCAT(a.controller,'/folder?fid=',a.id) AS url FROM think_user_folder  AS a WHERE is_del = 0 and user_id=104 ORDER BY a.controller,a.sort asc [ RunTime:0.0020s ]
SQL: SHOW COLUMNS FROM `think_system_config` [ RunTime:0.0070s ]
SQL: SELECT COUNT(*) AS tp_count FROM `think_system_config` WHERE `code` = 'system_name' LIMIT 1   [ RunTime:0.0010s ]
SQL: SELECT `val` FROM `think_system_config` WHERE `code` = 'system_name' LIMIT 1   [ RunTime:0.0020s ]
SQL: 		SELECT c.badge_function,c.sort, c.id, c.pid, c.name, c.url,sum(b.admin) as 'admin' ,sum(b.write) as  'write' ,sum(b.read) as 'read',c.icon 		FROM think_role_user AS a, think_role_node b, think_node AS c 		WHERE a.role_id = b.role_id and c.is_del=0 		AND a.user_id =104		AND c.is_del =0 		AND c.id = b.node_id 		group by c.id		ORDER BY c.sort  [ RunTime:0.0520s ]
SQL: SELECT  'badge_count_system_folder'    badge_function,  a.id                           fid,  a.sort,  CONCAT('sfid_',a.id)        AS id,  a.name,  a.controller,  a.sort,  CONCAT('sfid_',a.pid)       AS pid,  CONCAT(a.controller,'/folder?fid=',a.id) AS url FROM think_system_folder  AS a WHERE is_del = 0 ORDER BY a.controller,a.sort asc [ RunTime:0.0010s ]
SQL: SELECT  'badge_count_user_folder'    badge_function,  a.id                           fid,  a.sort,  CONCAT('ufid_',a.id)        AS id,  a.name,  a.controller,  a.sort,  CONCAT('ufid_',a.pid)       AS pid,  CONCAT(a.controller,'/folder?fid=',a.id) AS url FROM think_user_folder  AS a WHERE is_del = 0 and user_id=104 ORDER BY a.controller,a.sort asc [ RunTime:0.0010s ]
SQL: SHOW COLUMNS FROM `think_task_log` [ RunTime:0.0080s ]
SQL: SELECT `task_id` FROM `think_task_log` WHERE `type` = 1 AND `status` < 20 AND `executor` = '104'  [ RunTime:0.0010s ]
SQL: SHOW COLUMNS FROM `think_role` [ RunTime:0.0070s ]
SQL: 		SELECT c.badge_function,c.sort, c.id, c.pid, c.name, c.url,sum(b.admin) as 'admin' ,sum(b.write) as  'write' ,sum(b.read) as 'read',c.icon 		FROM think_role_user AS a, think_role_node b, think_node AS c 		WHERE a.role_id = b.role_id and c.is_del=0 		AND a.user_id =104		AND c.is_del =0 		AND c.id = b.node_id 		group by c.id		ORDER BY c.sort  [ RunTime:0.0550s ]
SQL: SELECT `task_id` FROM `think_task_log` WHERE `type` = 2 AND `executor` = '40' AND `status` = '0'  [ RunTime:0.0020s ]
SQL: SHOW COLUMNS FROM `think_task` [ RunTime:0.0080s ]
SQL: SELECT `id` FROM `think_task`  [ RunTime:0.0020s ]
SQL: select id from think_task task where status=0 and not exists (select * from think_task_log task_log where task.id=task_log.task_id) [ RunTime:0.0010s ]
SQL: SHOW COLUMNS FROM `think_mail` [ RunTime:0.0080s ]
SQL: SELECT COUNT(*) AS tp_count FROM `think_mail` WHERE `user_id` = 104 AND `is_del` = '0' AND `folder` = 1 AND `read` = '0' LIMIT 1   [ RunTime:0.0020s ]
SQL: SHOW COLUMNS FROM `think_flow_log` [ RunTime:0.0080s ]
SQL: SELECT `flow_id` FROM `think_flow_log` WHERE `emp_no` = 'alex' AND `is_del` = 0 AND ( result is null )  [ RunTime:0.0020s ]
SQL: SHOW COLUMNS FROM `think_flow` [ RunTime:0.0080s ]
SQL: SELECT COUNT(*) AS tp_count FROM `think_flow` WHERE `id` IN ('19','19','22','22','23','23','29','30','36','46','46','47','47','48','48','49','50','50','51','52','55','61','61','165','174','175','176','180','181','182','183','199','200','201') LIMIT 1   [ RunTime:0.0020s ]
SQL: SELECT `flow_id` FROM `think_flow_log` WHERE `emp_no` = 'alex' AND `step` = 100 AND ( comment is null )  [ RunTime:0.0020s ]
SQL: SELECT COUNT(*) AS tp_count FROM `think_mail` WHERE `user_id` = 104 AND `is_del` = '0' AND `folder` > 6 AND `read` = '0' LIMIT 1   [ RunTime:0.0020s ]
SQL: SHOW COLUMNS FROM `think_todo` [ RunTime:0.0070s ]
SQL: SELECT COUNT(*) AS tp_count FROM `think_todo` WHERE `user_id` = 104 AND `status` IN ('1','2') LIMIT 1   [ RunTime:0.0010s ]
SQL: SHOW COLUMNS FROM `think_schedule` [ RunTime:0.0070s ]
SQL: SELECT COUNT(*) AS tp_count FROM `think_schedule` WHERE `user_id` = 104 AND `is_del` = 0 AND `start_time` >= '2017-06-07' LIMIT 1   [ RunTime:0.0020s ]
SQL: SHOW COLUMNS FROM `think_message` [ RunTime:0.0070s ]
SQL: SELECT COUNT(*) AS tp_count FROM `think_message` WHERE `owner_id` = 104 AND `receiver_id` = 104 AND `is_read` = '0' LIMIT 1   [ RunTime:0.0020s ]
SQL: SHOW COLUMNS FROM `think_push` [ RunTime:0.0080s ]
SQL: SELECT * FROM `think_push` WHERE `user_id` = '104' AND `time` <= 1496812857 LIMIT 1   [ RunTime:0.0020s ]

