[ 2017-06-17T08:10:31+08:00 ] ::1 /
DEBUG: --- App.class run !!! ---
[ 2017-06-17T08:10:37+08:00 ] ::1 /index.php?m=&c=Flow&a=index
DEBUG: --- App.class run !!! ---
[ 2017-06-17T08:10:37+08:00 ] ::1 /index.php?m=&c=push&a=client
DEBUG: --- App.class run !!! ---
[ 2017-06-17T08:10:38+08:00 ] ::1 /index.php?m=&c=push&a=server
DEBUG: --- App.class run !!! ---
[ 2017-06-17T08:10:39+08:00 ] ::1 /index.php?m=&c=Flow&a=payment
DEBUG: --- App.class run !!! ---
[ 2017-06-17T08:10:40+08:00 ] ::1 /index.php?m=&c=push&a=client
DEBUG: --- App.class run !!! ---
[ 2017-06-17T08:10:40+08:00 ] ::1 /index.php?m=&c=push&a=server
DEBUG: --- App.class run !!! ---
[ 2017-06-17T08:10:45+08:00 ] ::1 /index.php?m=&c=Flow&a=payment
DEBUG: --- App.class run !!! ---
[ 2017-06-17T08:10:46+08:00 ] ::1 /index.php?m=&c=push&a=client
DEBUG: --- App.class run !!! ---
[ 2017-06-17T08:10:47+08:00 ] ::1 /index.php?m=&c=push&a=server
DEBUG: --- App.class run !!! ---
[ 2017-06-17T08:10:54+08:00 ] ::1 /index.php?m=&c=Flow&a=payment
DEBUG: --- App.class run !!! ---
[ 2017-06-17T08:10:55+08:00 ] ::1 /index.php?m=&c=push&a=client
DEBUG: --- App.class run !!! ---
[ 2017-06-17T08:10:55+08:00 ] ::1 /index.php?m=&c=push&a=server
DEBUG: --- App.class run !!! ---
[ 2017-06-17T08:14:51+08:00 ] ::1 /index.php?m=&c=Flow&a=payment
DEBUG: --- App.class run !!! ---
[ 2017-06-17T08:14:52+08:00 ] ::1 /index.php?m=&c=push&a=client
DEBUG: --- App.class run !!! ---
[ 2017-06-17T08:14:53+08:00 ] ::1 /index.php?m=&c=push&a=server
DEBUG: --- App.class run !!! ---
[ 2017-06-17T08:16:10+08:00 ] ::1 /index.php?m=&c=Flow&a=payment
DEBUG: --- App.class run !!! ---
[ 2017-06-17T08:16:11+08:00 ] ::1 /index.php?m=&c=push&a=client
DEBUG: --- App.class run !!! ---
[ 2017-06-17T08:16:11+08:00 ] ::1 /index.php?m=&c=push&a=server
DEBUG: --- App.class run !!! ---
[ 2017-06-17T08:18:01+08:00 ] ::1 /index.php?m=&c=Flow&a=payment
DEBUG: --- App.class run !!! ---
[ 2017-06-17T08:18:02+08:00 ] ::1 /index.php?m=&c=push&a=client
DEBUG: --- App.class run !!! ---
[ 2017-06-17T08:18:03+08:00 ] ::1 /index.php?m=&c=push&a=server
DEBUG: --- App.class run !!! ---
[ 2017-06-17T08:20:46+08:00 ] ::1 /index.php?m=&c=Flow&a=payment
DEBUG: --- App.class run !!! ---
[ 2017-06-17T08:20:47+08:00 ] ::1 /index.php?m=&c=push&a=client
DEBUG: --- App.class run !!! ---
[ 2017-06-17T08:20:47+08:00 ] ::1 /index.php?m=&c=push&a=server
DEBUG: --- App.class run !!! ---
[ 2017-06-17T08:20:58+08:00 ] ::1 /index.php?m=&c=Flow&a=payment
DEBUG: --- App.class run !!! ---
[ 2017-06-17T08:20:59+08:00 ] ::1 /index.php?m=&c=push&a=client
DEBUG: --- App.class run !!! ---
[ 2017-06-17T08:21:00+08:00 ] ::1 /index.php?m=&c=push&a=server
DEBUG: --- App.class run !!! ---
[ 2017-06-17T08:21:09+08:00 ] ::1 /index.php?m=&c=Flow&a=payment
DEBUG: --- App.class run !!! ---
[ 2017-06-17T08:21:10+08:00 ] ::1 /index.php?m=&c=push&a=client
DEBUG: --- App.class run !!! ---
[ 2017-06-17T08:21:10+08:00 ] ::1 /index.php?m=&c=push&a=server
DEBUG: --- App.class run !!! ---
[ 2017-06-17T08:21:14+08:00 ] ::1 /index.php?m=&c=Flow&a=payment
DEBUG: --- App.class run !!! ---
[ 2017-06-17T08:21:15+08:00 ] ::1 /index.php?m=&c=push&a=client
DEBUG: --- App.class run !!! ---
[ 2017-06-17T08:21:15+08:00 ] ::1 /index.php?m=&c=push&a=server
DEBUG: --- App.class run !!! ---
[ 2017-06-17T08:22:54+08:00 ] ::1 /index.php?m=&c=Flow&a=payment
DEBUG: --- App.class run !!! ---
[ 2017-06-17T08:22:55+08:00 ] ::1 /index.php?m=&c=push&a=client
DEBUG: --- App.class run !!! ---
[ 2017-06-17T08:22:56+08:00 ] ::1 /index.php?m=&c=push&a=server
DEBUG: --- App.class run !!! ---
[ 2017-06-17T08:23:02+08:00 ] ::1 /index.php?m=&c=Flow&a=payment
DEBUG: --- App.class run !!! ---
[ 2017-06-17T08:23:03+08:00 ] ::1 /index.php?m=&c=push&a=client
DEBUG: --- App.class run !!! ---
[ 2017-06-17T08:23:03+08:00 ] ::1 /index.php?m=&c=push&a=server
DEBUG: --- App.class run !!! ---
[ 2017-06-17T08:23:14+08:00 ] ::1 /index.php?m=&c=Flow&a=payment
DEBUG: --- App.class run !!! ---
[ 2017-06-17T08:23:14+08:00 ] ::1 /index.php?m=&c=push&a=client
DEBUG: --- App.class run !!! ---
[ 2017-06-17T08:23:15+08:00 ] ::1 /index.php?m=&c=push&a=server
DEBUG: --- App.class run !!! ---
[ 2017-06-17T08:24:10+08:00 ] ::1 /index.php?m=&c=Flow&a=payment
DEBUG: --- App.class run !!! ---
[ 2017-06-17T08:24:11+08:00 ] ::1 /index.php?m=&c=push&a=client
DEBUG: --- App.class run !!! ---
[ 2017-06-17T08:24:11+08:00 ] ::1 /index.php?m=&c=push&a=server
DEBUG: --- App.class run !!! ---
[ 2017-06-17T08:24:13+08:00 ] ::1 /index.php?m=&c=Flow&a=payment
DEBUG: --- App.class run !!! ---
[ 2017-06-17T08:24:13+08:00 ] ::1 /index.php?m=&c=push&a=client
DEBUG: --- App.class run !!! ---
[ 2017-06-17T08:24:14+08:00 ] ::1 /index.php?m=&c=push&a=server
DEBUG: --- App.class run !!! ---
[ 2017-06-17T08:39:08+08:00 ] ::1 /index.php?m=&c=Flow&a=payment
DEBUG: --- App.class run !!! ---
[ 2017-06-17T08:39:09+08:00 ] ::1 /index.php?m=&c=push&a=client
DEBUG: --- App.class run !!! ---
[ 2017-06-17T08:39:09+08:00 ] ::1 /index.php?m=&c=push&a=server
DEBUG: --- App.class run !!! ---
[ 2017-06-17T08:39:16+08:00 ] ::1 /index.php?m=&c=Flow&a=payment
DEBUG: --- App.class run !!! ---
[ 2017-06-17T08:39:17+08:00 ] ::1 /index.php?m=&c=push&a=client
DEBUG: --- App.class run !!! ---
[ 2017-06-17T08:39:17+08:00 ] ::1 /index.php?m=&c=push&a=server
DEBUG: --- App.class run !!! ---
[ 2017-06-17T08:42:21+08:00 ] ::1 /index.php?m=&c=Flow&a=payment
DEBUG: --- App.class run !!! ---
[ 2017-06-17T08:42:22+08:00 ] ::1 /index.php?m=&c=push&a=client
DEBUG: --- App.class run !!! ---
[ 2017-06-17T08:42:23+08:00 ] ::1 /index.php?m=&c=push&a=server
DEBUG: --- App.class run !!! ---
[ 2017-06-17T08:44:59+08:00 ] ::1 /index.php?m=&c=Flow&a=payment
DEBUG: --- App.class run !!! ---
[ 2017-06-17T08:45:00+08:00 ] ::1 /index.php?m=&c=push&a=client
DEBUG: --- App.class run !!! ---
[ 2017-06-17T08:45:01+08:00 ] ::1 /index.php?m=&c=push&a=server
DEBUG: --- App.class run !!! ---
[ 2017-06-17T08:45:44+08:00 ] ::1 /index.php?m=&c=Flow&a=payment
DEBUG: --- App.class run !!! ---
[ 2017-06-17T08:45:45+08:00 ] ::1 /index.php?m=&c=push&a=client
DEBUG: --- App.class run !!! ---
[ 2017-06-17T08:45:46+08:00 ] ::1 /index.php?m=&c=push&a=server
DEBUG: --- App.class run !!! ---
[ 2017-06-17T08:46:51+08:00 ] ::1 /index.php?m=&c=Flow&a=payment
DEBUG: --- App.class run !!! ---
[ 2017-06-17T08:46:52+08:00 ] ::1 /index.php?m=&c=push&a=client
DEBUG: --- App.class run !!! ---
[ 2017-06-17T08:46:53+08:00 ] ::1 /index.php?m=&c=push&a=server
DEBUG: --- App.class run !!! ---
[ 2017-06-17T08:46:57+08:00 ] ::1 /index.php?m=&c=Flow&a=payment
DEBUG: --- App.class run !!! ---
[ 2017-06-17T08:46:58+08:00 ] ::1 /index.php?m=&c=push&a=client
DEBUG: --- App.class run !!! ---
[ 2017-06-17T08:46:59+08:00 ] ::1 /index.php?m=&c=push&a=server
DEBUG: --- App.class run !!! ---
[ 2017-06-17T08:47:17+08:00 ] ::1 /index.php?m=&c=Flow&a=payment
DEBUG: --- App.class run !!! ---
[ 2017-06-17T08:47:18+08:00 ] ::1 /index.php?m=&c=push&a=client
DEBUG: --- App.class run !!! ---
[ 2017-06-17T08:47:19+08:00 ] ::1 /index.php?m=&c=push&a=server
DEBUG: --- App.class run !!! ---
[ 2017-06-17T08:47:25+08:00 ] ::1 /index.php?m=&c=Flow&a=payment
DEBUG: --- App.class run !!! ---
[ 2017-06-17T08:47:26+08:00 ] ::1 /index.php?m=&c=push&a=client
DEBUG: --- App.class run !!! ---
[ 2017-06-17T08:47:27+08:00 ] ::1 /index.php?m=&c=push&a=server
DEBUG: --- App.class run !!! ---
[ 2017-06-17T08:47:37+08:00 ] ::1 /index.php?m=&c=Flow&a=payment
DEBUG: --- App.class run !!! ---
[ 2017-06-17T08:47:38+08:00 ] ::1 /index.php?m=&c=push&a=client
DEBUG: --- App.class run !!! ---
[ 2017-06-17T08:47:39+08:00 ] ::1 /index.php?m=&c=push&a=server
DEBUG: --- App.class run !!! ---
[ 2017-06-17T08:48:37+08:00 ] ::1 /index.php?m=&c=Flow&a=payment
DEBUG: --- App.class run !!! ---
[ 2017-06-17T08:48:38+08:00 ] ::1 /index.php?m=&c=push&a=client
DEBUG: --- App.class run !!! ---
[ 2017-06-17T08:48:39+08:00 ] ::1 /index.php?m=&c=push&a=server
DEBUG: --- App.class run !!! ---
[ 2017-06-17T08:48:57+08:00 ] ::1 /index.php?m=&c=Flow&a=folder&fid=submit
DEBUG: --- App.class run !!! ---
[ 2017-06-17T08:48:58+08:00 ] ::1 /index.php?m=&c=push&a=client
DEBUG: --- App.class run !!! ---
[ 2017-06-17T08:48:58+08:00 ] ::1 /index.php?m=&c=push&a=server
DEBUG: --- App.class run !!! ---
[ 2017-06-17T08:49:11+08:00 ] ::1 /index.php?m=&c=Flow&a=folder&fid=submit
DEBUG: --- App.class run !!! ---
[ 2017-06-17T08:49:12+08:00 ] ::1 /index.php?m=&c=push&a=client
DEBUG: --- App.class run !!! ---
[ 2017-06-17T08:49:13+08:00 ] ::1 /index.php?m=&c=push&a=server
DEBUG: --- App.class run !!! ---
[ 2017-06-17T08:49:17+08:00 ] ::1 /index.php?m=&c=Flow&a=payment
DEBUG: --- App.class run !!! ---
[ 2017-06-17T08:49:18+08:00 ] ::1 /index.php?m=&c=push&a=client
DEBUG: --- App.class run !!! ---
[ 2017-06-17T08:49:19+08:00 ] ::1 /index.php?m=&c=push&a=server
DEBUG: --- App.class run !!! ---
[ 2017-06-17T08:49:32+08:00 ] ::1 /index.php?m=&c=Flow&a=payment
DEBUG: --- App.class run !!! ---
[ 2017-06-17T08:49:33+08:00 ] ::1 /index.php?m=&c=push&a=client
DEBUG: --- App.class run !!! ---
[ 2017-06-17T08:49:34+08:00 ] ::1 /index.php?m=&c=push&a=server
DEBUG: --- App.class run !!! ---
[ 2017-06-17T08:49:40+08:00 ] ::1 /index.php?m=&c=Flow&a=folder&fid=submit
DEBUG: --- App.class run !!! ---
[ 2017-06-17T08:49:41+08:00 ] ::1 /index.php?m=&c=push&a=client
DEBUG: --- App.class run !!! ---
[ 2017-06-17T08:49:42+08:00 ] ::1 /index.php?m=&c=push&a=server
DEBUG: --- App.class run !!! ---
[ 2017-06-17T08:50:15+08:00 ] ::1 /index.php?m=&c=push&a=server
DEBUG: --- App.class run !!! ---
[ 2017-06-17T08:50:18+08:00 ] ::1 /index.php?m=&c=Flow&a=folder&fid=submit
DEBUG: --- App.class run !!! ---
[ 2017-06-17T08:50:19+08:00 ] ::1 /index.php?m=&c=push&a=client
DEBUG: --- App.class run !!! ---
[ 2017-06-17T08:50:20+08:00 ] ::1 /index.php?m=&c=push&a=server
DEBUG: --- App.class run !!! ---
[ 2017-06-17T08:50:34+08:00 ] ::1 /index.php?m=&c=Flow&a=folder&fid=submit
DEBUG: --- App.class run !!! ---
[ 2017-06-17T08:50:35+08:00 ] ::1 /index.php?m=&c=push&a=client
DEBUG: --- App.class run !!! ---
[ 2017-06-17T08:50:36+08:00 ] ::1 /index.php?m=&c=push&a=server
DEBUG: --- App.class run !!! ---
[ 2017-06-17T08:51:22+08:00 ] ::1 /index.php?m=&c=Flow&a=folder&fid=submit
DEBUG: --- App.class run !!! ---
[ 2017-06-17T08:51:23+08:00 ] ::1 /index.php?m=&c=push&a=client
DEBUG: --- App.class run !!! ---
[ 2017-06-17T08:51:24+08:00 ] ::1 /index.php?m=&c=push&a=server
DEBUG: --- App.class run !!! ---
[ 2017-06-17T08:54:06+08:00 ] ::1 /index.php?m=&c=Flow&a=payment
DEBUG: --- App.class run !!! ---
[ 2017-06-17T08:54:07+08:00 ] ::1 /index.php?m=&c=push&a=client
DEBUG: --- App.class run !!! ---
[ 2017-06-17T08:54:07+08:00 ] ::1 /index.php?m=&c=push&a=server
DEBUG: --- App.class run !!! ---
[ 2017-06-17T08:54:24+08:00 ] ::1 /index.php?m=&c=Flow&a=payment
DEBUG: --- App.class run !!! ---
[ 2017-06-17T08:54:25+08:00 ] ::1 /index.php?m=&c=push&a=client
DEBUG: --- App.class run !!! ---
[ 2017-06-17T08:54:25+08:00 ] ::1 /index.php?m=&c=push&a=server
DEBUG: --- App.class run !!! ---
[ 2017-06-17T08:55:04+08:00 ] ::1 /index.php?m=&c=Flow&a=folder&fid=submit
DEBUG: --- App.class run !!! ---
[ 2017-06-17T08:55:05+08:00 ] ::1 /index.php?m=&c=push&a=client
DEBUG: --- App.class run !!! ---
[ 2017-06-17T08:55:06+08:00 ] ::1 /index.php?m=&c=push&a=server
DEBUG: --- App.class run !!! ---
[ 2017-06-17T08:55:20+08:00 ] ::1 /index.php?m=&c=Flow&a=folder&fid=submit
DEBUG: --- App.class run !!! ---
[ 2017-06-17T08:55:21+08:00 ] ::1 /index.php?m=&c=push&a=client
DEBUG: --- App.class run !!! ---
[ 2017-06-17T08:55:21+08:00 ] ::1 /index.php?m=&c=push&a=server
DEBUG: --- App.class run !!! ---
[ 2017-06-17T08:57:21+08:00 ] ::1 /index.php?m=&c=Flow&a=payment
DEBUG: --- App.class run !!! ---
[ 2017-06-17T08:57:22+08:00 ] ::1 /index.php?m=&c=push&a=client
DEBUG: --- App.class run !!! ---
[ 2017-06-17T08:57:23+08:00 ] ::1 /index.php?m=&c=push&a=server
DEBUG: --- App.class run !!! ---
[ 2017-06-17T08:57:28+08:00 ] ::1 /index.php?m=&c=Flow&a=payment
DEBUG: --- App.class run !!! ---
[ 2017-06-17T08:57:29+08:00 ] ::1 /index.php?m=&c=push&a=client
DEBUG: --- App.class run !!! ---
[ 2017-06-17T08:57:30+08:00 ] ::1 /index.php?m=&c=push&a=server
DEBUG: --- App.class run !!! ---
[ 2017-06-17T09:00:23+08:00 ] ::1 /index.php?m=&c=Flow&a=folder&fid=submit
DEBUG: --- App.class run !!! ---
[ 2017-06-17T09:00:24+08:00 ] ::1 /index.php?m=&c=push&a=client
DEBUG: --- App.class run !!! ---
[ 2017-06-17T09:00:24+08:00 ] ::1 /index.php?m=&c=push&a=server
DEBUG: --- App.class run !!! ---
[ 2017-06-17T09:00:42+08:00 ] ::1 /index.php?m=&c=Flow&a=folder&fid=submit
DEBUG: --- App.class run !!! ---
[ 2017-06-17T09:00:43+08:00 ] ::1 /index.php?m=&c=push&a=client
DEBUG: --- App.class run !!! ---
[ 2017-06-17T09:00:44+08:00 ] ::1 /index.php?m=&c=push&a=server
DEBUG: --- App.class run !!! ---
[ 2017-06-17T09:04:12+08:00 ] ::1 /index.php?m=&c=Flow&a=folder&fid=submit
DEBUG: --- App.class run !!! ---
[ 2017-06-17T09:04:13+08:00 ] ::1 /index.php?m=&c=push&a=client
DEBUG: --- App.class run !!! ---
[ 2017-06-17T09:04:13+08:00 ] ::1 /index.php?m=&c=push&a=server
DEBUG: --- App.class run !!! ---
[ 2017-06-17T09:04:44+08:00 ] ::1 /index.php?m=&c=Flow&a=folder&fid=submit
DEBUG: --- App.class run !!! ---
[ 2017-06-17T09:04:45+08:00 ] ::1 /index.php?m=&c=push&a=client
DEBUG: --- App.class run !!! ---
[ 2017-06-17T09:04:46+08:00 ] ::1 /index.php?m=&c=push&a=server
DEBUG: --- App.class run !!! ---
[ 2017-06-17T09:07:38+08:00 ] ::1 /index.php?m=&c=Flow&a=folder&fid=submit
DEBUG: --- App.class run !!! ---
[ 2017-06-17T09:07:39+08:00 ] ::1 /index.php?m=&c=push&a=client
DEBUG: --- App.class run !!! ---
[ 2017-06-17T09:07:39+08:00 ] ::1 /index.php?m=&c=push&a=server
DEBUG: --- App.class run !!! ---
[ 2017-06-17T09:07:51+08:00 ] ::1 /index.php?m=&c=Flow&a=folder&fid=submit
DEBUG: --- App.class run !!! ---
[ 2017-06-17T09:07:52+08:00 ] ::1 /index.php?m=&c=push&a=client
DEBUG: --- App.class run !!! ---
[ 2017-06-17T09:07:52+08:00 ] ::1 /index.php?m=&c=push&a=server
DEBUG: --- App.class run !!! ---
[ 2017-06-17T09:08:12+08:00 ] ::1 /index.php?m=&c=Flow&a=payment
DEBUG: --- App.class run !!! ---
[ 2017-06-17T09:08:13+08:00 ] ::1 /index.php?m=&c=push&a=client
DEBUG: --- App.class run !!! ---
[ 2017-06-17T09:08:14+08:00 ] ::1 /index.php?m=&c=push&a=server
DEBUG: --- App.class run !!! ---
[ 2017-06-17T09:08:23+08:00 ] ::1 /index.php?m=&c=Flow&a=payment
DEBUG: --- App.class run !!! ---
[ 2017-06-17T09:08:24+08:00 ] ::1 /index.php?m=&c=push&a=client
DEBUG: --- App.class run !!! ---
[ 2017-06-17T09:08:25+08:00 ] ::1 /index.php?m=&c=push&a=server
DEBUG: --- App.class run !!! ---
[ 2017-06-17T09:14:35+08:00 ] ::1 /index.php?m=&c=Flow&a=payment
DEBUG: --- App.class run !!! ---
[ 2017-06-17T09:14:36+08:00 ] ::1 /index.php?m=&c=push&a=client
DEBUG: --- App.class run !!! ---
[ 2017-06-17T09:14:36+08:00 ] ::1 /index.php?m=&c=push&a=server
DEBUG: --- App.class run !!! ---
[ 2017-06-17T09:14:38+08:00 ] ::1 /index.php?m=&c=Flow&a=payment
DEBUG: --- App.class run !!! ---
[ 2017-06-17T09:14:39+08:00 ] ::1 /index.php?m=&c=push&a=client
DEBUG: --- App.class run !!! ---
[ 2017-06-17T09:14:39+08:00 ] ::1 /index.php?m=&c=push&a=server
DEBUG: --- App.class run !!! ---
[ 2017-06-17T09:15:43+08:00 ] ::1 /index.php?m=&c=Flow&a=folder&fid=submit
DEBUG: --- App.class run !!! ---
[ 2017-06-17T09:15:44+08:00 ] ::1 /index.php?m=&c=push&a=client
DEBUG: --- App.class run !!! ---
[ 2017-06-17T09:15:45+08:00 ] ::1 /index.php?m=&c=push&a=server
DEBUG: --- App.class run !!! ---
[ 2017-06-17T09:15:48+08:00 ] ::1 /index.php?m=&c=Flow&a=payment
DEBUG: --- App.class run !!! ---
[ 2017-06-17T09:15:49+08:00 ] ::1 /index.php?m=&c=push&a=client
DEBUG: --- App.class run !!! ---
[ 2017-06-17T09:15:50+08:00 ] ::1 /index.php?m=&c=push&a=server
DEBUG: --- App.class run !!! ---
[ 2017-06-17T09:16:52+08:00 ] ::1 /index.php?m=&c=Flow&a=payment
DEBUG: --- App.class run !!! ---
[ 2017-06-17T09:16:53+08:00 ] ::1 /index.php?m=&c=push&a=client
DEBUG: --- App.class run !!! ---
[ 2017-06-17T09:16:53+08:00 ] ::1 /index.php?m=&c=push&a=server
DEBUG: --- App.class run !!! ---
[ 2017-06-17T09:17:14+08:00 ] ::1 /index.php?m=&c=Flow&a=payment
DEBUG: --- App.class run !!! ---
[ 2017-06-17T09:17:15+08:00 ] ::1 /index.php?m=&c=push&a=client
DEBUG: --- App.class run !!! ---
[ 2017-06-17T09:17:15+08:00 ] ::1 /index.php?m=&c=push&a=server
DEBUG: --- App.class run !!! ---
[ 2017-06-17T09:17:30+08:00 ] ::1 /index.php?m=&c=Flow&a=folder&fid=submit
DEBUG: --- App.class run !!! ---
[ 2017-06-17T09:17:31+08:00 ] ::1 /index.php?m=&c=push&a=client
DEBUG: --- App.class run !!! ---
[ 2017-06-17T09:17:32+08:00 ] ::1 /index.php?m=&c=push&a=server
DEBUG: --- App.class run !!! ---
[ 2017-06-17T09:18:43+08:00 ] ::1 /index.php?m=&c=Flow&a=folder&fid=submit
DEBUG: --- App.class run !!! ---
[ 2017-06-17T09:18:44+08:00 ] ::1 /index.php?m=&c=push&a=client
DEBUG: --- App.class run !!! ---
[ 2017-06-17T09:18:44+08:00 ] ::1 /index.php?m=&c=push&a=server
DEBUG: --- App.class run !!! ---
[ 2017-06-17T09:18:57+08:00 ] ::1 /index.php?m=&c=Flow&a=folder&fid=submit
DEBUG: --- App.class run !!! ---
[ 2017-06-17T09:18:58+08:00 ] ::1 /index.php?m=&c=push&a=client
DEBUG: --- App.class run !!! ---
[ 2017-06-17T09:18:58+08:00 ] ::1 /index.php?m=&c=push&a=server
DEBUG: --- App.class run !!! ---
[ 2017-06-17T09:31:14+08:00 ] ::1 /index.php?m=&c=Flow&a=payment
DEBUG: --- App.class run !!! ---
[ 2017-06-17T09:31:15+08:00 ] ::1 /index.php?m=&c=push&a=client
DEBUG: --- App.class run !!! ---
[ 2017-06-17T09:31:15+08:00 ] ::1 /index.php?m=&c=push&a=server
DEBUG: --- App.class run !!! ---
[ 2017-06-17T09:31:25+08:00 ] ::1 /index.php?m=&c=Flow&a=payment
DEBUG: --- App.class run !!! ---
[ 2017-06-17T09:31:26+08:00 ] ::1 /index.php?m=&c=push&a=client
DEBUG: --- App.class run !!! ---
[ 2017-06-17T09:31:27+08:00 ] ::1 /index.php?m=&c=push&a=server
DEBUG: --- App.class run !!! ---
[ 2017-06-17T09:32:04+08:00 ] ::1 /index.php?m=&c=Flow&a=folder&fid=submit
DEBUG: --- App.class run !!! ---
[ 2017-06-17T09:32:05+08:00 ] ::1 /index.php?m=&c=push&a=client
DEBUG: --- App.class run !!! ---
[ 2017-06-17T09:32:06+08:00 ] ::1 /index.php?m=&c=push&a=server
DEBUG: --- App.class run !!! ---
[ 2017-06-17T09:32:11+08:00 ] ::1 /index.php?m=&c=Flow&a=folder&fid=submit
DEBUG: --- App.class run !!! ---
[ 2017-06-17T09:32:12+08:00 ] ::1 /index.php?m=&c=push&a=client
DEBUG: --- App.class run !!! ---
[ 2017-06-17T09:32:12+08:00 ] ::1 /index.php?m=&c=push&a=server
DEBUG: --- App.class run !!! ---
[ 2017-06-17T09:32:35+08:00 ] ::1 /index.php?m=&c=index&a=index
DEBUG: --- App.class run !!! ---
[ 2017-06-17T09:32:41+08:00 ] ::1 /index.php?m=&c=Flow&a=index
DEBUG: --- App.class run !!! ---
[ 2017-06-17T09:32:41+08:00 ] ::1 /index.php?m=&c=push&a=client
DEBUG: --- App.class run !!! ---
[ 2017-06-17T09:32:42+08:00 ] ::1 /index.php?m=&c=push&a=server
DEBUG: --- App.class run !!! ---
[ 2017-06-17T09:32:43+08:00 ] ::1 /index.php?m=&c=Flow&a=folder&fid=submit
DEBUG: --- App.class run !!! ---
[ 2017-06-17T09:32:44+08:00 ] ::1 /index.php?m=&c=push&a=client
DEBUG: --- App.class run !!! ---
[ 2017-06-17T09:32:44+08:00 ] ::1 /index.php?m=&c=push&a=server
DEBUG: --- App.class run !!! ---
[ 2017-06-17T09:34:09+08:00 ] ::1 /index.php?m=&c=Flow&a=folder&fid=submit
DEBUG: --- App.class run !!! ---
[ 2017-06-17T09:34:10+08:00 ] ::1 /index.php?m=&c=push&a=client
DEBUG: --- App.class run !!! ---
[ 2017-06-17T09:34:11+08:00 ] ::1 /index.php?m=&c=push&a=server
DEBUG: --- App.class run !!! ---
[ 2017-06-17T09:35:07+08:00 ] ::1 /index.php?m=&c=Flow&a=payment
DEBUG: --- App.class run !!! ---
[ 2017-06-17T09:35:08+08:00 ] ::1 /index.php?m=&c=push&a=client
DEBUG: --- App.class run !!! ---
[ 2017-06-17T09:35:08+08:00 ] ::1 /index.php?m=&c=push&a=server
DEBUG: --- App.class run !!! ---
[ 2017-06-17T09:35:15+08:00 ] ::1 /index.php?m=&c=Flow&a=payment
DEBUG: --- App.class run !!! ---
[ 2017-06-17T09:35:16+08:00 ] ::1 /index.php?m=&c=push&a=client
DEBUG: --- App.class run !!! ---
[ 2017-06-17T09:35:17+08:00 ] ::1 /index.php?m=&c=push&a=server
DEBUG: --- App.class run !!! ---
[ 2017-06-17T09:49:57+08:00 ] ::1 /index.php?m=&c=Flow&a=payment
DEBUG: --- App.class run !!! ---
[ 2017-06-17T09:49:58+08:00 ] ::1 /index.php?m=&c=push&a=client
DEBUG: --- App.class run !!! ---
[ 2017-06-17T09:49:58+08:00 ] ::1 /index.php?m=&c=push&a=server
DEBUG: --- App.class run !!! ---
[ 2017-06-17T09:50:08+08:00 ] ::1 /index.php?m=&c=Flow&a=payment
DEBUG: --- App.class run !!! ---
[ 2017-06-17T09:50:09+08:00 ] ::1 /index.php?m=&c=push&a=client
DEBUG: --- App.class run !!! ---
[ 2017-06-17T09:50:09+08:00 ] ::1 /index.php?m=&c=push&a=server
DEBUG: --- App.class run !!! ---
[ 2017-06-17T09:58:03+08:00 ] ::1 /index.php?m=&c=Flow&a=folder&fid=submit
DEBUG: --- App.class run !!! ---
[ 2017-06-17T09:58:04+08:00 ] ::1 /index.php?m=&c=push&a=client
DEBUG: --- App.class run !!! ---
[ 2017-06-17T09:58:04+08:00 ] ::1 /index.php?m=&c=push&a=server
DEBUG: --- App.class run !!! ---
[ 2017-06-17T09:58:12+08:00 ] ::1 /index.php?m=&c=Flow&a=folder&fid=submit
DEBUG: --- App.class run !!! ---
[ 2017-06-17T09:58:13+08:00 ] ::1 /index.php?m=&c=push&a=client
DEBUG: --- App.class run !!! ---
[ 2017-06-17T09:58:14+08:00 ] ::1 /index.php?m=&c=push&a=server
DEBUG: --- App.class run !!! ---
[ 2017-06-17T09:58:34+08:00 ] ::1 /index.php?m=&c=Flow&a=payment
DEBUG: --- App.class run !!! ---
[ 2017-06-17T09:58:35+08:00 ] ::1 /index.php?m=&c=push&a=client
DEBUG: --- App.class run !!! ---
[ 2017-06-17T09:58:35+08:00 ] ::1 /index.php?m=&c=push&a=server
DEBUG: --- App.class run !!! ---
[ 2017-06-17T09:58:44+08:00 ] ::1 /index.php?m=&c=Flow&a=payment
DEBUG: --- App.class run !!! ---
[ 2017-06-17T09:58:45+08:00 ] ::1 /index.php?m=&c=push&a=client
DEBUG: --- App.class run !!! ---
[ 2017-06-17T09:58:45+08:00 ] ::1 /index.php?m=&c=push&a=server
DEBUG: --- App.class run !!! ---
[ 2017-06-17T09:59:54+08:00 ] ::1 /index.php?m=&c=Flow&a=payment
DEBUG: --- App.class run !!! ---
[ 2017-06-17T09:59:55+08:00 ] ::1 /index.php?m=&c=push&a=client
DEBUG: --- App.class run !!! ---
[ 2017-06-17T09:59:55+08:00 ] ::1 /index.php?m=&c=push&a=server
DEBUG: --- App.class run !!! ---
[ 2017-06-17T10:00:03+08:00 ] ::1 /index.php?m=&c=Flow&a=payment
DEBUG: --- App.class run !!! ---
[ 2017-06-17T10:00:04+08:00 ] ::1 /index.php?m=&c=push&a=client
DEBUG: --- App.class run !!! ---
[ 2017-06-17T10:00:05+08:00 ] ::1 /index.php?m=&c=push&a=server
DEBUG: --- App.class run !!! ---
[ 2017-06-17T10:02:27+08:00 ] ::1 /index.php?m=&c=Flow&a=payment
DEBUG: --- App.class run !!! ---
[ 2017-06-17T10:02:28+08:00 ] ::1 /index.php?m=&c=push&a=client
DEBUG: --- App.class run !!! ---
[ 2017-06-17T10:02:28+08:00 ] ::1 /index.php?m=&c=push&a=server
DEBUG: --- App.class run !!! ---
[ 2017-06-17T10:02:34+08:00 ] ::1 /index.php?m=&c=Flow&a=payment
DEBUG: --- App.class run !!! ---
[ 2017-06-17T10:02:35+08:00 ] ::1 /index.php?m=&c=push&a=client
DEBUG: --- App.class run !!! ---
[ 2017-06-17T10:02:35+08:00 ] ::1 /index.php?m=&c=push&a=server
DEBUG: --- App.class run !!! ---
[ 2017-06-17T10:05:02+08:00 ] ::1 /index.php?m=&c=Flow&a=payment
DEBUG: --- App.class run !!! ---
[ 2017-06-17T10:05:03+08:00 ] ::1 /index.php?m=&c=push&a=client
DEBUG: --- App.class run !!! ---
[ 2017-06-17T10:05:04+08:00 ] ::1 /index.php?m=&c=push&a=server
DEBUG: --- App.class run !!! ---
[ 2017-06-17T10:05:07+08:00 ] ::1 /index.php?m=&c=Flow&a=payment
DEBUG: --- App.class run !!! ---
[ 2017-06-17T10:05:08+08:00 ] ::1 /index.php?m=&c=push&a=client
DEBUG: --- App.class run !!! ---
[ 2017-06-17T10:05:09+08:00 ] ::1 /index.php?m=&c=push&a=server
DEBUG: --- App.class run !!! ---
[ 2017-06-17T10:05:16+08:00 ] ::1 /index.php?m=&c=Flow&a=payment
DEBUG: --- App.class run !!! ---
[ 2017-06-17T10:05:17+08:00 ] ::1 /index.php?m=&c=push&a=client
DEBUG: --- App.class run !!! ---
[ 2017-06-17T10:05:17+08:00 ] ::1 /index.php?m=&c=push&a=server
DEBUG: --- App.class run !!! ---
[ 2017-06-17T10:07:14+08:00 ] ::1 /index.php?m=&c=Flow&a=payment
DEBUG: --- App.class run !!! ---
[ 2017-06-17T10:07:15+08:00 ] ::1 /index.php?m=&c=push&a=client
DEBUG: --- App.class run !!! ---
[ 2017-06-17T10:07:16+08:00 ] ::1 /index.php?m=&c=push&a=server
DEBUG: --- App.class run !!! ---
[ 2017-06-17T10:08:57+08:00 ] ::1 /index.php?m=&c=Flow&a=payment
DEBUG: --- App.class run !!! ---
[ 2017-06-17T10:08:58+08:00 ] ::1 /index.php?m=&c=push&a=client
DEBUG: --- App.class run !!! ---
[ 2017-06-17T10:08:58+08:00 ] ::1 /index.php?m=&c=push&a=server
DEBUG: --- App.class run !!! ---
[ 2017-06-17T10:10:33+08:00 ] ::1 /index.php?m=&c=Flow&a=payment
DEBUG: --- App.class run !!! ---
[ 2017-06-17T10:11:47+08:00 ] ::1 /index.php?m=&c=Flow&a=payment
DEBUG: --- App.class run !!! ---
[ 2017-06-17T10:11:48+08:00 ] ::1 /index.php?m=&c=push&a=client
DEBUG: --- App.class run !!! ---
[ 2017-06-17T10:11:49+08:00 ] ::1 /index.php?m=&c=push&a=server
DEBUG: --- App.class run !!! ---
[ 2017-06-17T10:11:58+08:00 ] ::1 /index.php?m=&c=Flow&a=payment
DEBUG: --- App.class run !!! ---
[ 2017-06-17T10:11:59+08:00 ] ::1 /index.php?m=&c=push&a=client
DEBUG: --- App.class run !!! ---
[ 2017-06-17T10:11:59+08:00 ] ::1 /index.php?m=&c=push&a=server
DEBUG: --- App.class run !!! ---
[ 2017-06-17T10:12:56+08:00 ] ::1 /index.php?m=&c=Flow&a=payment
DEBUG: --- App.class run !!! ---
[ 2017-06-17T10:12:57+08:00 ] ::1 /index.php?m=&c=push&a=client
DEBUG: --- App.class run !!! ---
[ 2017-06-17T10:12:57+08:00 ] ::1 /index.php?m=&c=push&a=server
DEBUG: --- App.class run !!! ---
