[ 2017-06-16T08:16:00+08:00 ] ::1 /index.php?m=&c=Flow&a=folder&fid=confirm
DEBUG: --- App.class run !!! ---
[ 2017-06-16T08:16:01+08:00 ] ::1 /index.php?m=&c=public&a=login
DEBUG: --- App.class run !!! ---
[ 2017-06-16T08:16:13+08:00 ] ::1 /index.php?m=&c=public&a=check_login
DEBUG: --- App.class run !!! ---
[ 2017-06-16T08:16:14+08:00 ] ::1 /index.php?m=&c=public&a=login
DEBUG: --- App.class run !!! ---
[ 2017-06-16T08:16:14+08:00 ] ::1 /index.php
DEBUG: --- App.class run !!! ---
[ 2017-06-16T08:17:38+08:00 ] ::1 /index.php?m=&c=Flow&a=index
DEBUG: --- App.class run !!! ---
[ 2017-06-16T08:17:39+08:00 ] ::1 /index.php?m=&c=push&a=client
DEBUG: --- App.class run !!! ---
[ 2017-06-16T08:17:39+08:00 ] ::1 /index.php?m=&c=push&a=server
DEBUG: --- App.class run !!! ---
[ 2017-06-16T08:17:40+08:00 ] ::1 /index.php?m=&c=Flow&a=add&type=57
DEBUG: --- App.class run !!! ---
[ 2017-06-16T08:17:41+08:00 ] ::1 /index.php?m=&c=push&a=client
DEBUG: --- App.class run !!! ---
[ 2017-06-16T08:17:42+08:00 ] ::1 /index.php?m=&c=push&a=server
DEBUG: --- App.class run !!! ---
[ 2017-06-16T08:18:11+08:00 ] ::1 /index.php?m=&c=popup&a=confirm
DEBUG: --- App.class run !!! ---
[ 2017-06-16T08:18:14+08:00 ] ::1 /index.php?m=&c=Popup&a=read
DEBUG: --- App.class run !!! ---
[ 2017-06-16T08:19:00+08:00 ] ::1 /index.php?m=&c=Flow&a=save
DEBUG: --- App.class run !!! ---
[ 2017-06-16T08:19:14+08:00 ] ::1 /index.php?m=&c=Flow&a=index
DEBUG: --- App.class run !!! ---
[ 2017-06-16T08:19:14+08:00 ] ::1 /index.php?m=&c=push&a=client
DEBUG: --- App.class run !!! ---
[ 2017-06-16T08:19:15+08:00 ] ::1 /index.php?m=&c=push&a=server
DEBUG: --- App.class run !!! ---
[ 2017-06-16T08:19:17+08:00 ] ::1 /index.php?m=&c=Flow&a=folder&fid=confirm
DEBUG: --- App.class run !!! ---
[ 2017-06-16T08:19:44+08:00 ] 10.6.8.145 /
DEBUG: --- App.class run !!! ---
[ 2017-06-16T08:19:44+08:00 ] 10.6.8.145 /index.php?m=&c=public&a=login
DEBUG: --- App.class run !!! ---
[ 2017-06-16T08:19:46+08:00 ] 10.6.8.145 /index.php?m=&c=public&a=check_login
DEBUG: --- App.class run !!! ---
[ 2017-06-16T08:19:46+08:00 ] 10.6.8.145 /index.php?m=&c=Public&a=login
DEBUG: --- App.class run !!! ---
[ 2017-06-16T08:19:46+08:00 ] 10.6.8.145 /index.php
DEBUG: --- App.class run !!! ---
[ 2017-06-16T08:19:48+08:00 ] 10.6.8.145 /index.php?m=&c=Flow&a=index
DEBUG: --- App.class run !!! ---
[ 2017-06-16T08:19:49+08:00 ] 10.6.8.145 /index.php?m=&c=push&a=client
DEBUG: --- App.class run !!! ---
[ 2017-06-16T08:19:49+08:00 ] 10.6.8.145 /index.php?m=&c=push&a=server
DEBUG: --- App.class run !!! ---
[ 2017-06-16T08:19:50+08:00 ] 10.6.8.145 /index.php?m=&c=push&a=server
DEBUG: --- App.class run !!! ---
[ 2017-06-16T08:19:50+08:00 ] 10.6.8.145 /index.php?m=&c=Flow&a=folder&fid=confirm
DEBUG: --- App.class run !!! ---
[ 2017-06-16T08:19:50+08:00 ] 10.6.8.145 /index.php?m=&c=push&a=server
DEBUG: --- App.class run !!! ---
[ 2017-06-16T08:19:51+08:00 ] 10.6.8.145 /index.php?m=&c=push&a=client
DEBUG: --- App.class run !!! ---
[ 2017-06-16T08:19:51+08:00 ] 10.6.8.145 /index.php?m=&c=push&a=server
DEBUG: --- App.class run !!! ---
[ 2017-06-16T08:19:52+08:00 ] 10.6.8.145 /index.php?m=&c=push&a=server
DEBUG: --- App.class run !!! ---
[ 2017-06-16T08:19:52+08:00 ] 10.6.8.145 /index.php?m=&c=Flow&a=read&id=246&fid=confirm
DEBUG: --- App.class run !!! ---
[ 2017-06-16T08:19:52+08:00 ] 10.6.8.145 /index.php?m=&c=push&a=server
DEBUG: --- App.class run !!! ---
[ 2017-06-16T08:19:53+08:00 ] 10.6.8.145 /index.php?m=&c=push&a=client
DEBUG: --- App.class run !!! ---
[ 2017-06-16T08:19:54+08:00 ] 10.6.8.145 /index.php?m=&c=push&a=server
DEBUG: --- App.class run !!! ---
[ 2017-06-16T08:19:54+08:00 ] 10.6.8.145 /index.php?m=&c=push&a=server
DEBUG: --- App.class run !!! ---
[ 2017-06-16T08:19:54+08:00 ] 10.6.8.145 /index.php?m=&c=push&a=server
DEBUG: --- App.class run !!! ---
[ 2017-06-16T08:19:55+08:00 ] 10.6.8.145 /index.php?m=&c=push&a=server
DEBUG: --- App.class run !!! ---
[ 2017-06-16T08:19:55+08:00 ] 10.6.8.145 /index.php?m=&c=push&a=server
DEBUG: --- App.class run !!! ---
[ 2017-06-16T08:19:55+08:00 ] 10.6.8.145 /index.php?m=&c=push&a=server
DEBUG: --- App.class run !!! ---
[ 2017-06-16T08:19:56+08:00 ] 10.6.8.145 /index.php?m=&c=push&a=server
DEBUG: --- App.class run !!! ---
[ 2017-06-16T08:19:56+08:00 ] 10.6.8.145 /index.php?m=&c=push&a=server
DEBUG: --- App.class run !!! ---
[ 2017-06-16T08:20:02+08:00 ] 10.6.8.145 /index.php?m=&c=Flow&a=approve
DEBUG: --- App.class run !!! ---
[ 2017-06-16T08:20:05+08:00 ] 10.6.8.145 /index.php?m=&c=flow&a=folder&fid=confirm
DEBUG: --- App.class run !!! ---
[ 2017-06-16T08:20:05+08:00 ] 10.6.8.145 /index.php?m=&c=flow&a=folder&fid=confirm
DEBUG: --- App.class run !!! ---
[ 2017-06-16T08:20:06+08:00 ] 10.6.8.145 /index.php?m=&c=push&a=client
DEBUG: --- App.class run !!! ---
[ 2017-06-16T08:20:07+08:00 ] 10.6.8.145 /index.php?m=&c=push&a=server
DEBUG: --- App.class run !!! ---
[ 2017-06-16T08:20:28+08:00 ] 10.6.8.145 /index.php?m=&c=Flow&a=read&id=245&fid=confirm
DEBUG: --- App.class run !!! ---
[ 2017-06-16T08:20:29+08:00 ] 10.6.8.145 /index.php?m=&c=push&a=client
DEBUG: --- App.class run !!! ---
[ 2017-06-16T08:20:29+08:00 ] 10.6.8.145 /index.php?m=&c=push&a=server
DEBUG: --- App.class run !!! ---
[ 2017-06-16T08:20:37+08:00 ] 10.6.8.145 /index.php?m=&c=Flow&a=folder&fid=finish
DEBUG: --- App.class run !!! ---
[ 2017-06-16T08:20:38+08:00 ] 10.6.8.145 /index.php?m=&c=push&a=client
DEBUG: --- App.class run !!! ---
[ 2017-06-16T08:20:38+08:00 ] 10.6.8.145 /index.php?m=&c=push&a=server
DEBUG: --- App.class run !!! ---
[ 2017-06-16T08:20:39+08:00 ] 10.6.8.145 /index.php?m=&c=Flow&a=read&id=246&fid=finish
DEBUG: --- App.class run !!! ---
[ 2017-06-16T08:20:39+08:00 ] 10.6.8.145 /index.php?m=&c=push&a=client
DEBUG: --- App.class run !!! ---
[ 2017-06-16T08:20:40+08:00 ] 10.6.8.145 /index.php?m=&c=push&a=server
DEBUG: --- App.class run !!! ---
[ 2017-06-16T08:31:40+08:00 ] ::1 /index.php?m=&c=public&a=logout
DEBUG: --- App.class run !!! ---
[ 2017-06-16T08:31:41+08:00 ] ::1 /index.php
DEBUG: --- App.class run !!! ---
[ 2017-06-16T08:31:41+08:00 ] ::1 /index.php?m=&c=public&a=login
DEBUG: --- App.class run !!! ---
[ 2017-06-16T08:31:50+08:00 ] ::1 /index.php?m=&c=public&a=check_login
DEBUG: --- App.class run !!! ---
[ 2017-06-16T08:32:00+08:00 ] ::1 /index.php?m=&c=public&a=check_login
DEBUG: --- App.class run !!! ---
[ 2017-06-16T08:32:01+08:00 ] ::1 /index.php?m=&c=public&a=login
DEBUG: --- App.class run !!! ---
[ 2017-06-16T08:32:01+08:00 ] ::1 /index.php
DEBUG: --- App.class run !!! ---
[ 2017-06-16T08:32:02+08:00 ] ::1 /index.php?m=&c=push&a=client
DEBUG: --- App.class run !!! ---
[ 2017-06-16T08:32:02+08:00 ] ::1 /index.php?m=&c=push&a=server
DEBUG: --- App.class run !!! ---
[ 2017-06-16T08:32:04+08:00 ] ::1 /index.php?m=&c=Payment&a=index
DEBUG: --- App.class run !!! ---
[ 2017-06-16T08:32:05+08:00 ] ::1 /index.php?m=&c=push&a=client
DEBUG: --- App.class run !!! ---
[ 2017-06-16T08:32:05+08:00 ] ::1 /index.php?m=&c=push&a=server
DEBUG: --- App.class run !!! ---
[ 2017-06-16T08:37:41+08:00 ] ::1 /index.php?m=&c=public&a=logout
DEBUG: --- App.class run !!! ---
[ 2017-06-16T08:37:43+08:00 ] ::1 /index.php
DEBUG: --- App.class run !!! ---
[ 2017-06-16T08:37:43+08:00 ] ::1 /index.php?m=&c=public&a=login
DEBUG: --- App.class run !!! ---
[ 2017-06-16T08:37:54+08:00 ] ::1 /index.php?m=&c=public&a=check_login
DEBUG: --- App.class run !!! ---
[ 2017-06-16T08:37:55+08:00 ] ::1 /index.php?m=&c=public&a=login
DEBUG: --- App.class run !!! ---
[ 2017-06-16T08:37:56+08:00 ] ::1 /index.php
DEBUG: --- App.class run !!! ---
[ 2017-06-16T08:37:57+08:00 ] ::1 /index.php?m=&c=Flow&a=index
DEBUG: --- App.class run !!! ---
[ 2017-06-16T08:37:58+08:00 ] ::1 /index.php?m=&c=push&a=client
DEBUG: --- App.class run !!! ---
[ 2017-06-16T08:37:58+08:00 ] ::1 /index.php?m=&c=push&a=server
DEBUG: --- App.class run !!! ---
[ 2017-06-16T08:37:59+08:00 ] ::1 /index.php?m=&c=push&a=server
DEBUG: --- App.class run !!! ---
[ 2017-06-16T08:37:59+08:00 ] ::1 /index.php?m=&c=Flow&a=add&type=57
DEBUG: --- App.class run !!! ---
[ 2017-06-16T08:38:00+08:00 ] ::1 /index.php?m=&c=push&a=client
DEBUG: --- App.class run !!! ---
[ 2017-06-16T08:38:00+08:00 ] ::1 /index.php?m=&c=push&a=server
DEBUG: --- App.class run !!! ---
[ 2017-06-16T08:47:58+08:00 ] ::1 /index.php?m=&c=popup&a=confirm
DEBUG: --- App.class run !!! ---
[ 2017-06-16T08:48:00+08:00 ] ::1 /index.php?m=&c=Popup&a=read
DEBUG: --- App.class run !!! ---
[ 2017-06-16T08:48:14+08:00 ] ::1 /index.php?m=&c=Flow&a=save
DEBUG: --- App.class run !!! ---
[ 2017-06-16T08:48:16+08:00 ] ::1 /index.php?m=&c=Flow&a=index
DEBUG: --- App.class run !!! ---
[ 2017-06-16T08:48:17+08:00 ] ::1 /index.php?m=&c=push&a=client
DEBUG: --- App.class run !!! ---
[ 2017-06-16T08:48:17+08:00 ] ::1 /index.php?m=&c=push&a=server
DEBUG: --- App.class run !!! ---
[ 2017-06-16T08:48:19+08:00 ] ::1 /index.php?m=&c=Flow&a=index
DEBUG: --- App.class run !!! ---
[ 2017-06-16T08:48:19+08:00 ] ::1 /index.php?m=&c=push&a=client
DEBUG: --- App.class run !!! ---
[ 2017-06-16T08:48:20+08:00 ] ::1 /index.php?m=&c=push&a=server
DEBUG: --- App.class run !!! ---
[ 2017-06-16T08:48:21+08:00 ] ::1 /index.php?m=&c=public&a=logout
DEBUG: --- App.class run !!! ---
[ 2017-06-16T08:48:22+08:00 ] ::1 /index.php
DEBUG: --- App.class run !!! ---
[ 2017-06-16T08:48:22+08:00 ] ::1 /index.php?m=&c=public&a=login
DEBUG: --- App.class run !!! ---
[ 2017-06-16T08:48:31+08:00 ] ::1 /index.php?m=&c=public&a=check_login
DEBUG: --- App.class run !!! ---
[ 2017-06-16T08:48:32+08:00 ] ::1 /index.php?m=&c=public&a=login
DEBUG: --- App.class run !!! ---
[ 2017-06-16T08:48:32+08:00 ] ::1 /index.php
DEBUG: --- App.class run !!! ---
[ 2017-06-16T08:48:44+08:00 ] ::1 /index.php?m=&c=Flow&a=index
DEBUG: --- App.class run !!! ---
[ 2017-06-16T08:48:45+08:00 ] ::1 /index.php?m=&c=push&a=client
DEBUG: --- App.class run !!! ---
[ 2017-06-16T08:48:45+08:00 ] ::1 /index.php?m=&c=push&a=server
DEBUG: --- App.class run !!! ---
[ 2017-06-16T08:48:45+08:00 ] ::1 /index.php?m=&c=push&a=server
DEBUG: --- App.class run !!! ---
[ 2017-06-16T08:48:46+08:00 ] ::1 /index.php?m=&c=Flow&a=folder&fid=confirm
DEBUG: --- App.class run !!! ---
[ 2017-06-16T08:48:47+08:00 ] ::1 /index.php?m=&c=push&a=client
DEBUG: --- App.class run !!! ---
[ 2017-06-16T08:48:47+08:00 ] ::1 /index.php?m=&c=push&a=server
DEBUG: --- App.class run !!! ---
[ 2017-06-16T08:48:49+08:00 ] ::1 /index.php?m=&c=Flow&a=read&id=247&fid=confirm
DEBUG: --- App.class run !!! ---
[ 2017-06-16T08:48:49+08:00 ] ::1 /index.php?m=&c=push&a=client
DEBUG: --- App.class run !!! ---
[ 2017-06-16T08:48:50+08:00 ] ::1 /index.php?m=&c=push&a=server
DEBUG: --- App.class run !!! ---
[ 2017-06-16T08:49:01+08:00 ] ::1 /index.php?m=&c=Flow&a=approve
DEBUG: --- App.class run !!! ---
[ 2017-06-16T08:49:04+08:00 ] ::1 /index.php?m=&c=flow&a=folder&fid=confirm
DEBUG: --- App.class run !!! ---
[ 2017-06-16T08:49:04+08:00 ] ::1 /index.php?m=&c=flow&a=folder&fid=confirm
DEBUG: --- App.class run !!! ---
[ 2017-06-16T08:49:05+08:00 ] ::1 /index.php?m=&c=push&a=client
DEBUG: --- App.class run !!! ---
[ 2017-06-16T08:49:06+08:00 ] ::1 /index.php?m=&c=push&a=server
DEBUG: --- App.class run !!! ---
[ 2017-06-16T08:50:58+08:00 ] ::1 /index.php?m=&c=public&a=logout
DEBUG: --- App.class run !!! ---
[ 2017-06-16T08:50:59+08:00 ] ::1 /index.php
DEBUG: --- App.class run !!! ---
[ 2017-06-16T08:50:59+08:00 ] ::1 /index.php?m=&c=public&a=login
DEBUG: --- App.class run !!! ---
[ 2017-06-16T08:51:08+08:00 ] ::1 /index.php?m=&c=public&a=check_login
DEBUG: --- App.class run !!! ---
[ 2017-06-16T08:51:22+08:00 ] ::1 /index.php?m=&c=public&a=check_login
DEBUG: --- App.class run !!! ---
[ 2017-06-16T08:51:23+08:00 ] ::1 /index.php?m=&c=public&a=login
DEBUG: --- App.class run !!! ---
[ 2017-06-16T08:51:23+08:00 ] ::1 /index.php
DEBUG: --- App.class run !!! ---
[ 2017-06-16T08:51:27+08:00 ] ::1 /index.php?m=&c=Flow&a=index
DEBUG: --- App.class run !!! ---
[ 2017-06-16T08:51:27+08:00 ] ::1 /index.php?m=&c=push&a=client
DEBUG: --- App.class run !!! ---
[ 2017-06-16T08:51:28+08:00 ] ::1 /index.php?m=&c=push&a=server
DEBUG: --- App.class run !!! ---
[ 2017-06-16T08:51:28+08:00 ] ::1 /index.php?m=&c=push&a=server
DEBUG: --- App.class run !!! ---
[ 2017-06-16T08:51:33+08:00 ] ::1 /index.php?m=&c=Flow&a=add&type=64
DEBUG: --- App.class run !!! ---
[ 2017-06-16T08:51:34+08:00 ] ::1 /index.php?m=&c=push&a=client
DEBUG: --- App.class run !!! ---
[ 2017-06-16T08:51:35+08:00 ] ::1 /index.php?m=&c=push&a=server
DEBUG: --- App.class run !!! ---
[ 2017-06-16T08:52:38+08:00 ] 10.6.8.145 /index.php?m=&c=Payment&a=index
DEBUG: --- App.class run !!! ---
[ 2017-06-16T08:52:39+08:00 ] 10.6.8.145 /index.php?m=&c=push&a=client
DEBUG: --- App.class run !!! ---
[ 2017-06-16T08:52:40+08:00 ] 10.6.8.145 /index.php?m=&c=push&a=server
DEBUG: --- App.class run !!! ---
[ 2017-06-16T08:55:13+08:00 ] ::1 /index.php?m=&c=popup&a=confirm
DEBUG: --- App.class run !!! ---
[ 2017-06-16T08:55:15+08:00 ] ::1 /index.php?m=&c=Popup&a=read
DEBUG: --- App.class run !!! ---
[ 2017-06-16T08:55:30+08:00 ] ::1 /index.php?m=&c=Flow&a=save
DEBUG: --- App.class run !!! ---
[ 2017-06-16T08:55:33+08:00 ] ::1 /index.php?m=&c=Flow&a=index
DEBUG: --- App.class run !!! ---
[ 2017-06-16T08:55:33+08:00 ] ::1 /index.php?m=&c=push&a=client
DEBUG: --- App.class run !!! ---
[ 2017-06-16T08:55:34+08:00 ] ::1 /index.php?m=&c=push&a=server
DEBUG: --- App.class run !!! ---
[ 2017-06-16T08:56:00+08:00 ] ::1 /index.php?m=&c=public&a=logout
DEBUG: --- App.class run !!! ---
[ 2017-06-16T08:56:02+08:00 ] ::1 /index.php
DEBUG: --- App.class run !!! ---
[ 2017-06-16T08:56:02+08:00 ] ::1 /index.php?m=&c=public&a=login
DEBUG: --- App.class run !!! ---
[ 2017-06-16T08:56:15+08:00 ] ::1 /index.php?m=&c=public&a=check_login
DEBUG: --- App.class run !!! ---
[ 2017-06-16T08:56:16+08:00 ] ::1 /index.php?m=&c=public&a=login
DEBUG: --- App.class run !!! ---
[ 2017-06-16T08:56:16+08:00 ] ::1 /index.php
DEBUG: --- App.class run !!! ---
[ 2017-06-16T08:56:18+08:00 ] ::1 /index.php?m=&c=flow&a=read&id=248&fid=confirm&return_url=Flow/folder?fid=confirm
DEBUG: --- App.class run !!! ---
[ 2017-06-16T08:56:19+08:00 ] ::1 /index.php?m=&c=push&a=client
DEBUG: --- App.class run !!! ---
[ 2017-06-16T08:56:20+08:00 ] ::1 /index.php?m=&c=push&a=server
DEBUG: --- App.class run !!! ---
[ 2017-06-16T08:56:20+08:00 ] ::1 /index.php?m=&c=push&a=server
DEBUG: --- App.class run !!! ---
[ 2017-06-16T08:56:43+08:00 ] ::1 /index.php?m=&c=Flow&a=approve
DEBUG: --- App.class run !!! ---
[ 2017-06-16T08:56:45+08:00 ] ::1 /index.php?m=&c=flow&a=folder&fid=confirm
DEBUG: --- App.class run !!! ---
[ 2017-06-16T08:56:45+08:00 ] ::1 /index.php?m=&c=flow&a=folder&fid=confirm
DEBUG: --- App.class run !!! ---
[ 2017-06-16T08:56:47+08:00 ] ::1 /index.php?m=&c=push&a=client
DEBUG: --- App.class run !!! ---
[ 2017-06-16T08:56:47+08:00 ] ::1 /index.php?m=&c=push&a=server
DEBUG: --- App.class run !!! ---
[ 2017-06-16T08:56:51+08:00 ] ::1 /index.php?m=&c=Payment&a=index
DEBUG: --- App.class run !!! ---
[ 2017-06-16T08:56:52+08:00 ] ::1 /index.php?m=&c=push&a=client
DEBUG: --- App.class run !!! ---
[ 2017-06-16T08:56:53+08:00 ] ::1 /index.php?m=&c=push&a=server
DEBUG: --- App.class run !!! ---
[ 2017-06-16T09:05:13+08:00 ] ::1 /index.php?m=&c=Flow&a=index
DEBUG: --- App.class run !!! ---
[ 2017-06-16T09:05:14+08:00 ] ::1 /index.php?m=&c=push&a=client
DEBUG: --- App.class run !!! ---
[ 2017-06-16T09:05:14+08:00 ] ::1 /index.php?m=&c=push&a=server
DEBUG: --- App.class run !!! ---
[ 2017-06-16T09:05:15+08:00 ] ::1 /index.php?m=&c=Flow&a=payment
DEBUG: --- App.class run !!! ---
[ 2017-06-16T09:05:17+08:00 ] ::1 /index.php?m=&c=push&a=server
DEBUG: --- App.class run !!! ---
[ 2017-06-16T09:07:34+08:00 ] ::1 /index.php?m=&c=System&a=index
DEBUG: --- App.class run !!! ---
[ 2017-06-16T09:07:35+08:00 ] ::1 /index.php?m=&c=push&a=client
DEBUG: --- App.class run !!! ---
[ 2017-06-16T09:07:35+08:00 ] ::1 /index.php?m=&c=System&a=get_flot_data
DEBUG: --- App.class run !!! ---
[ 2017-06-16T09:07:36+08:00 ] ::1 /index.php?m=&c=push&a=server
DEBUG: --- App.class run !!! ---
[ 2017-06-16T09:07:40+08:00 ] ::1 /index.php?m=&c=Duty&a=index
DEBUG: --- App.class run !!! ---
[ 2017-06-16T09:07:40+08:00 ] ::1 /index.php?m=&c=push&a=client
DEBUG: --- App.class run !!! ---
[ 2017-06-16T09:07:41+08:00 ] ::1 /index.php?m=&c=push&a=server
DEBUG: --- App.class run !!! ---
[ 2017-06-16T09:07:41+08:00 ] ::1 /index.php?m=&c=Role&a=node
DEBUG: --- App.class run !!! ---
[ 2017-06-16T09:07:42+08:00 ] ::1 /index.php?m=&c=push&a=client
DEBUG: --- App.class run !!! ---
[ 2017-06-16T09:07:42+08:00 ] ::1 /index.php?m=&c=push&a=server
DEBUG: --- App.class run !!! ---
[ 2017-06-16T09:07:43+08:00 ] ::1 /index.php?m=&c=Role&a=user
DEBUG: --- App.class run !!! ---
[ 2017-06-16T09:07:43+08:00 ] ::1 /index.php?m=&c=push&a=client
DEBUG: --- App.class run !!! ---
[ 2017-06-16T09:07:44+08:00 ] ::1 /index.php?m=&c=push&a=server
DEBUG: --- App.class run !!! ---
[ 2017-06-16T09:07:45+08:00 ] ::1 /index.php?m=&c=Role&a=node
DEBUG: --- App.class run !!! ---
[ 2017-06-16T09:07:46+08:00 ] ::1 /index.php?m=&c=push&a=client
DEBUG: --- App.class run !!! ---
[ 2017-06-16T09:07:46+08:00 ] ::1 /index.php?m=&c=push&a=server
DEBUG: --- App.class run !!! ---
[ 2017-06-16T09:07:47+08:00 ] ::1 /index.php?m=&c=Role&a=get_node_list
DEBUG: --- App.class run !!! ---
[ 2017-06-16T09:07:56+08:00 ] ::1 /index.php?m=&c=Mail&a=index
DEBUG: --- App.class run !!! ---
[ 2017-06-16T09:07:56+08:00 ] ::1 /index.php?m=&c=Mail&a=folder&fid=inbox
DEBUG: --- App.class run !!! ---
[ 2017-06-16T09:07:57+08:00 ] ::1 /index.php?m=&c=push&a=client
DEBUG: --- App.class run !!! ---
[ 2017-06-16T09:07:57+08:00 ] ::1 /index.php?m=&c=push&a=server
DEBUG: --- App.class run !!! ---
[ 2017-06-16T09:07:59+08:00 ] ::1 /index.php?m=&c=Flow&a=index
DEBUG: --- App.class run !!! ---
[ 2017-06-16T09:08:00+08:00 ] ::1 /index.php?m=&c=push&a=client
DEBUG: --- App.class run !!! ---
[ 2017-06-16T09:08:00+08:00 ] ::1 /index.php?m=&c=push&a=server
DEBUG: --- App.class run !!! ---
[ 2017-06-16T09:08:01+08:00 ] ::1 /index.php?m=&c=Flow&a=payment
DEBUG: --- App.class run !!! ---
[ 2017-06-16T09:08:02+08:00 ] ::1 /index.php?m=&c=push&a=server
DEBUG: --- App.class run !!! ---
[ 2017-06-16T09:12:52+08:00 ] ::1 /index.php?m=&c=Payment&a=index
DEBUG: --- App.class run !!! ---
[ 2017-06-16T09:12:53+08:00 ] ::1 /index.php?m=&c=push&a=client
DEBUG: --- App.class run !!! ---
[ 2017-06-16T09:12:53+08:00 ] ::1 /index.php?m=&c=push&a=server
DEBUG: --- App.class run !!! ---
[ 2017-06-16T09:47:52+08:00 ] 10.6.8.145 /index.php?m=&c=Flow&a=index
DEBUG: --- App.class run !!! ---
[ 2017-06-16T09:47:52+08:00 ] 10.6.8.145 /index.php?m=&c=push&a=client
DEBUG: --- App.class run !!! ---
[ 2017-06-16T09:47:53+08:00 ] 10.6.8.145 /index.php?m=&c=push&a=server
DEBUG: --- App.class run !!! ---
[ 2017-06-16T09:47:53+08:00 ] 10.6.8.145 /index.php?m=&c=Flow&a=folder&fid=confirm
DEBUG: --- App.class run !!! ---
[ 2017-06-16T09:47:54+08:00 ] 10.6.8.145 /index.php?m=&c=push&a=client
DEBUG: --- App.class run !!! ---
[ 2017-06-16T09:47:55+08:00 ] 10.6.8.145 /index.php?m=&c=push&a=server
DEBUG: --- App.class run !!! ---
[ 2017-06-16T11:00:03+08:00 ] ::1 /index.php?m=&c=Flow&a=folder&fid=confirm
DEBUG: --- App.class run !!! ---
[ 2017-06-16T11:02:48+08:00 ] ::1 /
DEBUG: --- App.class run !!! ---
[ 2017-06-16T11:02:51+08:00 ] ::1 /index.php?m=&c=Flow&a=index
DEBUG: --- App.class run !!! ---
[ 2017-06-16T11:02:52+08:00 ] ::1 /index.php?m=&c=push&a=client
DEBUG: --- App.class run !!! ---
[ 2017-06-16T11:02:52+08:00 ] ::1 /index.php?m=&c=push&a=server
DEBUG: --- App.class run !!! ---
[ 2017-06-16T11:02:53+08:00 ] ::1 /index.php?m=&c=Flow&a=payment
DEBUG: --- App.class run !!! ---
[ 2017-06-16T11:02:56+08:00 ] ::1 /index.php?m=&c=push&a=server
DEBUG: --- App.class run !!! ---
[ 2017-06-16T11:19:54+08:00 ] ::1 /index.php?m=&c=Flow&a=folder&fid=report
DEBUG: --- App.class run !!! ---
[ 2017-06-16T11:19:55+08:00 ] ::1 /index.php?m=&c=push&a=client
DEBUG: --- App.class run !!! ---
[ 2017-06-16T11:19:56+08:00 ] ::1 /index.php?m=&c=push&a=server
DEBUG: --- App.class run !!! ---
[ 2017-06-16T11:22:51+08:00 ] ::1 /index.php?m=&c=Flow&a=folder&fid=finish
DEBUG: --- App.class run !!! ---
[ 2017-06-16T11:22:52+08:00 ] ::1 /index.php?m=&c=push&a=client
DEBUG: --- App.class run !!! ---
[ 2017-06-16T11:22:52+08:00 ] ::1 /index.php?m=&c=push&a=server
DEBUG: --- App.class run !!! ---
[ 2017-06-16T11:26:54+08:00 ] ::1 /index.php?m=&c=Flow&a=folder&fid=finish
DEBUG: --- App.class run !!! ---
[ 2017-06-16T11:26:55+08:00 ] ::1 /index.php?m=&c=push&a=client
DEBUG: --- App.class run !!! ---
[ 2017-06-16T11:26:55+08:00 ] ::1 /index.php?m=&c=push&a=server
DEBUG: --- App.class run !!! ---
[ 2017-06-16T11:26:56+08:00 ] ::1 /index.php?m=&c=Flow&a=payment
DEBUG: --- App.class run !!! ---
[ 2017-06-16T11:30:55+08:00 ] ::1 /index.php?m=&c=Flow&a=payment
DEBUG: --- App.class run !!! ---
[ 2017-06-16T13:04:45+08:00 ] ::1 /index.php?m=&c=push&a=server
DEBUG: --- App.class run !!! ---
[ 2017-06-16T13:04:48+08:00 ] ::1 /index.php?m=&c=Mail&a=index
DEBUG: --- App.class run !!! ---
[ 2017-06-16T13:04:48+08:00 ] ::1 /index.php?m=&c=Mail&a=folder&fid=inbox
DEBUG: --- App.class run !!! ---
[ 2017-06-16T13:04:49+08:00 ] ::1 /index.php?m=&c=push&a=client
DEBUG: --- App.class run !!! ---
[ 2017-06-16T13:04:49+08:00 ] ::1 /index.php?m=&c=push&a=server
DEBUG: --- App.class run !!! ---
[ 2017-06-16T13:05:22+08:00 ] ::1 /index.php?m=&c=Flow&a=index
DEBUG: --- App.class run !!! ---
[ 2017-06-16T13:05:23+08:00 ] ::1 /index.php?m=&c=push&a=client
DEBUG: --- App.class run !!! ---
[ 2017-06-16T13:05:23+08:00 ] ::1 /index.php?m=&c=push&a=server
DEBUG: --- App.class run !!! ---
[ 2017-06-16T13:06:02+08:00 ] ::1 /index.php?m=&c=Flow&a=index
DEBUG: --- App.class run !!! ---
[ 2017-06-16T13:06:03+08:00 ] ::1 /index.php?m=&c=push&a=client
DEBUG: --- App.class run !!! ---
[ 2017-06-16T13:06:03+08:00 ] ::1 /index.php?m=&c=Flow&a=folder&fid=confirm
DEBUG: --- App.class run !!! ---
[ 2017-06-16T13:06:03+08:00 ] ::1 /index.php?m=&c=push&a=server
DEBUG: --- App.class run !!! ---
[ 2017-06-16T13:06:04+08:00 ] ::1 /index.php?m=&c=push&a=client
DEBUG: --- App.class run !!! ---
[ 2017-06-16T13:06:05+08:00 ] ::1 /index.php?m=&c=push&a=server
DEBUG: --- App.class run !!! ---
[ 2017-06-16T13:06:09+08:00 ] ::1 /index.php?m=&c=Flow&a=folder&fid=confirm
DEBUG: --- App.class run !!! ---
[ 2017-06-16T13:06:10+08:00 ] ::1 /index.php?m=&c=push&a=client
DEBUG: --- App.class run !!! ---
[ 2017-06-16T13:06:11+08:00 ] ::1 /index.php?m=&c=push&a=server
DEBUG: --- App.class run !!! ---
[ 2017-06-16T13:16:39+08:00 ] ::1 /index.php?m=&c=Flow&a=index
DEBUG: --- App.class run !!! ---
[ 2017-06-16T13:16:39+08:00 ] ::1 /index.php?m=&c=push&a=client
DEBUG: --- App.class run !!! ---
[ 2017-06-16T13:16:39+08:00 ] ::1 /index.php?m=&c=Flow&a=payment
DEBUG: --- App.class run !!! ---
[ 2017-06-16T13:16:40+08:00 ] ::1 /index.php?m=&c=push&a=server
DEBUG: --- App.class run !!! ---
[ 2017-06-16T13:16:41+08:00 ] ::1 /index.php?m=&c=push&a=client
DEBUG: --- App.class run !!! ---
[ 2017-06-16T13:16:41+08:00 ] ::1 /index.php?m=&c=push&a=server
DEBUG: --- App.class run !!! ---
[ 2017-06-16T13:21:18+08:00 ] ::1 /index.php?m=&c=Flow&a=payment
DEBUG: --- App.class run !!! ---
[ 2017-06-16T13:21:25+08:00 ] ::1 /index.php?m=&c=push&a=server
DEBUG: --- App.class run !!! ---
[ 2017-06-16T13:21:27+08:00 ] ::1 /index.php?m=&c=Flow&a=payment
DEBUG: --- App.class run !!! ---
[ 2017-06-16T13:21:31+08:00 ] ::1 /index.php?m=&c=push&a=server
DEBUG: --- App.class run !!! ---
[ 2017-06-16T13:24:16+08:00 ] ::1 /index.php?m=&c=Flow&a=payment
DEBUG: --- App.class run !!! ---
[ 2017-06-16T14:00:51+08:00 ] ::1 /index.php?m=&c=Flow&a=payment
DEBUG: --- App.class run !!! ---
[ 2017-06-16T14:01:08+08:00 ] ::1 /index.php?m=&c=Flow&a=payment
DEBUG: --- App.class run !!! ---
[ 2017-06-16T14:01:09+08:00 ] ::1 /index.php?m=&c=push&a=client
DEBUG: --- App.class run !!! ---
[ 2017-06-16T14:01:09+08:00 ] ::1 /index.php?m=&c=push&a=server
DEBUG: --- App.class run !!! ---
[ 2017-06-16T14:01:14+08:00 ] ::1 /index.php?m=&c=Flow&a=payment
DEBUG: --- App.class run !!! ---
[ 2017-06-16T14:01:15+08:00 ] ::1 /index.php?m=&c=push&a=client
DEBUG: --- App.class run !!! ---
[ 2017-06-16T14:01:16+08:00 ] ::1 /index.php?m=&c=push&a=server
DEBUG: --- App.class run !!! ---
[ 2017-06-16T14:57:35+08:00 ] ::1 /index.php?m=&c=Flow&a=payment
DEBUG: --- App.class run !!! ---
[ 2017-06-16T14:57:36+08:00 ] ::1 /index.php?m=&c=push&a=server
DEBUG: --- App.class run !!! ---
[ 2017-06-16T14:57:55+08:00 ] ::1 /index.php?m=&c=public&a=logout
DEBUG: --- App.class run !!! ---
[ 2017-06-16T14:57:56+08:00 ] ::1 /index.php
DEBUG: --- App.class run !!! ---
[ 2017-06-16T14:57:56+08:00 ] ::1 /index.php?m=&c=public&a=login
DEBUG: --- App.class run !!! ---
[ 2017-06-16T14:58:02+08:00 ] ::1 /index.php?m=&c=public&a=check_login
DEBUG: --- App.class run !!! ---
[ 2017-06-16T14:58:03+08:00 ] ::1 /index.php?m=&c=public&a=login
DEBUG: --- App.class run !!! ---
[ 2017-06-16T14:58:03+08:00 ] ::1 /index.php
DEBUG: --- App.class run !!! ---
[ 2017-06-16T14:58:06+08:00 ] ::1 /index.php?m=&c=Flow&a=index
DEBUG: --- App.class run !!! ---
[ 2017-06-16T14:58:07+08:00 ] ::1 /index.php?m=&c=push&a=client
DEBUG: --- App.class run !!! ---
[ 2017-06-16T14:58:07+08:00 ] ::1 /index.php?m=&c=push&a=server
DEBUG: --- App.class run !!! ---
[ 2017-06-16T14:58:09+08:00 ] ::1 /index.php?m=&c=Flow&a=payment
DEBUG: --- App.class run !!! ---
[ 2017-06-16T14:58:10+08:00 ] ::1 /index.php?m=&c=push&a=client
DEBUG: --- App.class run !!! ---
[ 2017-06-16T14:58:10+08:00 ] ::1 /index.php?m=&c=push&a=server
DEBUG: --- App.class run !!! ---
[ 2017-06-16T14:58:14+08:00 ] ::1 /index.php?m=&c=Flow&a=payment
DEBUG: --- App.class run !!! ---
[ 2017-06-16T14:58:15+08:00 ] ::1 /index.php?m=&c=push&a=client
DEBUG: --- App.class run !!! ---
[ 2017-06-16T14:58:15+08:00 ] ::1 /index.php?m=&c=push&a=server
DEBUG: --- App.class run !!! ---
[ 2017-06-16T14:58:26+08:00 ] ::1 /index.php?m=&c=Flow&a=payment
DEBUG: --- App.class run !!! ---
[ 2017-06-16T14:58:27+08:00 ] ::1 /index.php?m=&c=push&a=client
DEBUG: --- App.class run !!! ---
[ 2017-06-16T14:58:28+08:00 ] ::1 /index.php?m=&c=push&a=server
DEBUG: --- App.class run !!! ---
[ 2017-06-16T14:58:38+08:00 ] ::1 /index.php?m=&c=public&a=logout
DEBUG: --- App.class run !!! ---
[ 2017-06-16T14:58:39+08:00 ] ::1 /index.php
DEBUG: --- App.class run !!! ---
[ 2017-06-16T14:58:39+08:00 ] ::1 /index.php?m=&c=public&a=login
DEBUG: --- App.class run !!! ---
[ 2017-06-16T14:58:44+08:00 ] ::1 /index.php?m=&c=public&a=check_login
DEBUG: --- App.class run !!! ---
[ 2017-06-16T14:58:45+08:00 ] ::1 /index.php?m=&c=public&a=login
DEBUG: --- App.class run !!! ---
[ 2017-06-16T14:58:45+08:00 ] ::1 /index.php
DEBUG: --- App.class run !!! ---
[ 2017-06-16T14:58:45+08:00 ] ::1 /index.php?m=&c=push&a=client
DEBUG: --- App.class run !!! ---
[ 2017-06-16T14:58:46+08:00 ] ::1 /index.php?m=&c=push&a=server
DEBUG: --- App.class run !!! ---
[ 2017-06-16T14:58:47+08:00 ] ::1 /index.php?m=&c=Flow&a=index
DEBUG: --- App.class run !!! ---
[ 2017-06-16T14:58:48+08:00 ] ::1 /index.php?m=&c=push&a=client
DEBUG: --- App.class run !!! ---
[ 2017-06-16T14:58:48+08:00 ] ::1 /index.php?m=&c=push&a=server
DEBUG: --- App.class run !!! ---
[ 2017-06-16T14:58:49+08:00 ] ::1 /index.php?m=&c=Flow&a=payment
DEBUG: --- App.class run !!! ---
[ 2017-06-16T14:58:50+08:00 ] ::1 /index.php?m=&c=push&a=client
DEBUG: --- App.class run !!! ---
[ 2017-06-16T14:58:50+08:00 ] ::1 /index.php?m=&c=push&a=server
DEBUG: --- App.class run !!! ---
[ 2017-06-16T15:07:34+08:00 ] ::1 /index.php?m=&c=Flow&a=payment
DEBUG: --- App.class run !!! ---
[ 2017-06-16T15:07:35+08:00 ] ::1 /index.php?m=&c=push&a=client
DEBUG: --- App.class run !!! ---
[ 2017-06-16T15:07:36+08:00 ] ::1 /index.php?m=&c=push&a=server
DEBUG: --- App.class run !!! ---
[ 2017-06-16T15:07:39+08:00 ] ::1 /index.php?m=&c=Flow&a=payment
DEBUG: --- App.class run !!! ---
[ 2017-06-16T15:07:40+08:00 ] ::1 /index.php?m=&c=push&a=client
DEBUG: --- App.class run !!! ---
[ 2017-06-16T15:07:40+08:00 ] ::1 /index.php?m=&c=push&a=server
DEBUG: --- App.class run !!! ---
[ 2017-06-16T15:07:44+08:00 ] ::1 /index.php?m=&c=public&a=logout
DEBUG: --- App.class run !!! ---
[ 2017-06-16T15:07:45+08:00 ] ::1 /index.php
DEBUG: --- App.class run !!! ---
[ 2017-06-16T15:07:45+08:00 ] ::1 /index.php?m=&c=public&a=login
DEBUG: --- App.class run !!! ---
[ 2017-06-16T15:07:51+08:00 ] ::1 /index.php?m=&c=public&a=check_login
DEBUG: --- App.class run !!! ---
[ 2017-06-16T15:07:52+08:00 ] ::1 /index.php?m=&c=public&a=login
DEBUG: --- App.class run !!! ---
[ 2017-06-16T15:07:52+08:00 ] ::1 /index.php
DEBUG: --- App.class run !!! ---
[ 2017-06-16T15:07:54+08:00 ] ::1 /index.php?m=&c=Flow&a=index
DEBUG: --- App.class run !!! ---
[ 2017-06-16T15:07:55+08:00 ] ::1 /index.php?m=&c=push&a=client
DEBUG: --- App.class run !!! ---
[ 2017-06-16T15:07:55+08:00 ] ::1 /index.php?m=&c=push&a=server
DEBUG: --- App.class run !!! ---
[ 2017-06-16T15:07:56+08:00 ] ::1 /index.php?m=&c=push&a=server
DEBUG: --- App.class run !!! ---
[ 2017-06-16T15:07:56+08:00 ] ::1 /index.php?m=&c=Flow&a=payment
DEBUG: --- App.class run !!! ---
[ 2017-06-16T15:07:57+08:00 ] ::1 /index.php?m=&c=push&a=client
DEBUG: --- App.class run !!! ---
[ 2017-06-16T15:07:57+08:00 ] ::1 /index.php?m=&c=push&a=server
DEBUG: --- App.class run !!! ---
[ 2017-06-16T15:14:03+08:00 ] ::1 /index.php?m=&c=Flow&a=payment
DEBUG: --- App.class run !!! ---
[ 2017-06-16T15:14:04+08:00 ] ::1 /index.php?m=&c=push&a=client
DEBUG: --- App.class run !!! ---
[ 2017-06-16T15:14:05+08:00 ] ::1 /index.php?m=&c=push&a=server
DEBUG: --- App.class run !!! ---
[ 2017-06-16T15:14:10+08:00 ] ::1 /index.php?m=&c=public&a=logout
DEBUG: --- App.class run !!! ---
[ 2017-06-16T15:14:11+08:00 ] ::1 /index.php
DEBUG: --- App.class run !!! ---
[ 2017-06-16T15:14:11+08:00 ] ::1 /index.php?m=&c=public&a=login
DEBUG: --- App.class run !!! ---
[ 2017-06-16T15:14:16+08:00 ] ::1 /index.php?m=&c=public&a=check_login
DEBUG: --- App.class run !!! ---
[ 2017-06-16T15:14:17+08:00 ] ::1 /index.php?m=&c=public&a=login
DEBUG: --- App.class run !!! ---
[ 2017-06-16T15:14:17+08:00 ] ::1 /index.php
DEBUG: --- App.class run !!! ---
[ 2017-06-16T15:14:20+08:00 ] ::1 /index.php?m=&c=Flow&a=index
DEBUG: --- App.class run !!! ---
[ 2017-06-16T15:14:20+08:00 ] ::1 /index.php?m=&c=push&a=client
DEBUG: --- App.class run !!! ---
[ 2017-06-16T15:14:21+08:00 ] ::1 /index.php?m=&c=push&a=server
DEBUG: --- App.class run !!! ---
[ 2017-06-16T15:14:22+08:00 ] ::1 /index.php?m=&c=Flow&a=folder&fid=confirm
DEBUG: --- App.class run !!! ---
[ 2017-06-16T15:14:23+08:00 ] ::1 /index.php?m=&c=push&a=client
DEBUG: --- App.class run !!! ---
[ 2017-06-16T15:14:23+08:00 ] ::1 /index.php?m=&c=push&a=server
DEBUG: --- App.class run !!! ---
[ 2017-06-16T15:14:25+08:00 ] ::1 /index.php?m=&c=Flow&a=payment
DEBUG: --- App.class run !!! ---
[ 2017-06-16T15:14:26+08:00 ] ::1 /index.php?m=&c=push&a=client
DEBUG: --- App.class run !!! ---
[ 2017-06-16T15:14:26+08:00 ] ::1 /index.php?m=&c=push&a=server
DEBUG: --- App.class run !!! ---
[ 2017-06-16T15:14:38+08:00 ] ::1 /index.php?m=&c=Flow&a=payment
DEBUG: --- App.class run !!! ---
[ 2017-06-16T15:14:39+08:00 ] ::1 /index.php?m=&c=push&a=client
DEBUG: --- App.class run !!! ---
[ 2017-06-16T15:14:39+08:00 ] ::1 /index.php?m=&c=push&a=server
DEBUG: --- App.class run !!! ---
[ 2017-06-16T15:14:47+08:00 ] ::1 /index.php?m=&c=public&a=logout
DEBUG: --- App.class run !!! ---
[ 2017-06-16T15:14:48+08:00 ] ::1 /index.php
DEBUG: --- App.class run !!! ---
[ 2017-06-16T15:14:48+08:00 ] ::1 /index.php?m=&c=public&a=login
DEBUG: --- App.class run !!! ---
[ 2017-06-16T15:14:54+08:00 ] ::1 /index.php?m=&c=public&a=check_login
DEBUG: --- App.class run !!! ---
[ 2017-06-16T15:14:55+08:00 ] ::1 /index.php?m=&c=public&a=login
DEBUG: --- App.class run !!! ---
[ 2017-06-16T15:14:55+08:00 ] ::1 /index.php
DEBUG: --- App.class run !!! ---
[ 2017-06-16T15:14:58+08:00 ] ::1 /index.php?m=&c=Flow&a=index
DEBUG: --- App.class run !!! ---
[ 2017-06-16T15:14:58+08:00 ] ::1 /index.php?m=&c=push&a=client
DEBUG: --- App.class run !!! ---
[ 2017-06-16T15:14:58+08:00 ] ::1 /index.php?m=&c=push&a=server
DEBUG: --- App.class run !!! ---
[ 2017-06-16T15:14:59+08:00 ] ::1 /index.php?m=&c=Flow&a=payment
DEBUG: --- App.class run !!! ---
[ 2017-06-16T15:15:00+08:00 ] ::1 /index.php?m=&c=push&a=client
DEBUG: --- App.class run !!! ---
[ 2017-06-16T15:15:00+08:00 ] ::1 /index.php?m=&c=push&a=server
DEBUG: --- App.class run !!! ---
[ 2017-06-16T15:15:16+08:00 ] ::1 /index.php?m=&c=Flow&a=payment
DEBUG: --- App.class run !!! ---
[ 2017-06-16T15:15:17+08:00 ] ::1 /index.php?m=&c=push&a=client
DEBUG: --- App.class run !!! ---
[ 2017-06-16T15:15:17+08:00 ] ::1 /index.php?m=&c=push&a=server
DEBUG: --- App.class run !!! ---
[ 2017-06-16T15:31:45+08:00 ] ::1 /index.php?m=&c=public&a=logout
DEBUG: --- App.class run !!! ---
[ 2017-06-16T15:31:46+08:00 ] ::1 /index.php
DEBUG: --- App.class run !!! ---
[ 2017-06-16T15:31:46+08:00 ] ::1 /index.php?m=&c=public&a=login
DEBUG: --- App.class run !!! ---
[ 2017-06-16T15:31:57+08:00 ] ::1 /index.php?m=&c=public&a=check_login
DEBUG: --- App.class run !!! ---
[ 2017-06-16T15:31:58+08:00 ] ::1 /index.php?m=&c=public&a=login
DEBUG: --- App.class run !!! ---
[ 2017-06-16T15:31:58+08:00 ] ::1 /index.php
DEBUG: --- App.class run !!! ---
[ 2017-06-16T15:31:59+08:00 ] ::1 /index.php?m=&c=push&a=client
DEBUG: --- App.class run !!! ---
[ 2017-06-16T15:31:59+08:00 ] ::1 /index.php?m=&c=push&a=server
DEBUG: --- App.class run !!! ---
[ 2017-06-16T15:32:02+08:00 ] ::1 /index.php?m=&c=Payment&a=index
DEBUG: --- App.class run !!! ---
[ 2017-06-16T15:32:03+08:00 ] ::1 /index.php?m=&c=push&a=client
DEBUG: --- App.class run !!! ---
[ 2017-06-16T15:32:03+08:00 ] ::1 /index.php?m=&c=push&a=server
DEBUG: --- App.class run !!! ---
[ 2017-06-16T15:32:35+08:00 ] ::1 /index.php?m=&c=Payment&a=index
DEBUG: --- App.class run !!! ---
[ 2017-06-16T15:32:36+08:00 ] ::1 /index.php?m=&c=push&a=client
DEBUG: --- App.class run !!! ---
[ 2017-06-16T15:32:36+08:00 ] ::1 /index.php?m=&c=push&a=server
DEBUG: --- App.class run !!! ---
[ 2017-06-16T15:34:41+08:00 ] ::1 /index.php?m=&c=Payment&a=index
DEBUG: --- App.class run !!! ---
[ 2017-06-16T15:34:43+08:00 ] ::1 /index.php?m=&c=push&a=server
DEBUG: --- App.class run !!! ---
[ 2017-06-16T15:34:45+08:00 ] ::1 /index.php?m=&c=Flow&a=index
DEBUG: --- App.class run !!! ---
[ 2017-06-16T15:34:45+08:00 ] ::1 /index.php?m=&c=push&a=client
DEBUG: --- App.class run !!! ---
[ 2017-06-16T15:34:46+08:00 ] ::1 /index.php?m=&c=push&a=server
DEBUG: --- App.class run !!! ---
[ 2017-06-16T15:34:47+08:00 ] ::1 /index.php?m=&c=Flow&a=payment
DEBUG: --- App.class run !!! ---
[ 2017-06-16T15:34:48+08:00 ] ::1 /index.php?m=&c=push&a=client
DEBUG: --- App.class run !!! ---
[ 2017-06-16T15:34:49+08:00 ] ::1 /index.php?m=&c=push&a=server
DEBUG: --- App.class run !!! ---
[ 2017-06-16T15:34:52+08:00 ] ::1 /index.php?m=&c=public&a=logout
DEBUG: --- App.class run !!! ---
[ 2017-06-16T15:34:53+08:00 ] ::1 /index.php
DEBUG: --- App.class run !!! ---
[ 2017-06-16T15:34:53+08:00 ] ::1 /index.php?m=&c=public&a=login
DEBUG: --- App.class run !!! ---
[ 2017-06-16T15:35:00+08:00 ] ::1 /index.php?m=&c=public&a=check_login
DEBUG: --- App.class run !!! ---
[ 2017-06-16T15:35:01+08:00 ] ::1 /index.php?m=&c=public&a=login
DEBUG: --- App.class run !!! ---
[ 2017-06-16T15:35:01+08:00 ] ::1 /index.php
DEBUG: --- App.class run !!! ---
[ 2017-06-16T15:35:03+08:00 ] ::1 /index.php?m=&c=Flow&a=index
DEBUG: --- App.class run !!! ---
[ 2017-06-16T15:35:03+08:00 ] ::1 /index.php?m=&c=push&a=client
DEBUG: --- App.class run !!! ---
[ 2017-06-16T15:35:04+08:00 ] ::1 /index.php?m=&c=push&a=server
DEBUG: --- App.class run !!! ---
[ 2017-06-16T15:35:04+08:00 ] ::1 /index.php?m=&c=Flow&a=payment
DEBUG: --- App.class run !!! ---
[ 2017-06-16T15:35:05+08:00 ] ::1 /index.php?m=&c=push&a=client
DEBUG: --- App.class run !!! ---
[ 2017-06-16T15:35:06+08:00 ] ::1 /index.php?m=&c=push&a=server
DEBUG: --- App.class run !!! ---
[ 2017-06-16T15:37:10+08:00 ] ::1 /index.php?m=&c=Flow&a=payment
DEBUG: --- App.class run !!! ---
[ 2017-06-16T15:37:10+08:00 ] ::1 /index.php?m=&c=push&a=client
DEBUG: --- App.class run !!! ---
[ 2017-06-16T15:37:11+08:00 ] ::1 /index.php?m=&c=push&a=server
DEBUG: --- App.class run !!! ---
[ 2017-06-16T15:37:15+08:00 ] ::1 /index.php?m=&c=Flow&a=payment
DEBUG: --- App.class run !!! ---
[ 2017-06-16T15:37:16+08:00 ] ::1 /index.php?m=&c=push&a=client
DEBUG: --- App.class run !!! ---
[ 2017-06-16T15:37:16+08:00 ] ::1 /index.php?m=&c=push&a=server
DEBUG: --- App.class run !!! ---
[ 2017-06-16T15:37:23+08:00 ] ::1 /index.php?m=&c=Flow&a=payment
DEBUG: --- App.class run !!! ---
[ 2017-06-16T15:37:24+08:00 ] ::1 /index.php?m=&c=push&a=client
DEBUG: --- App.class run !!! ---
[ 2017-06-16T15:37:25+08:00 ] ::1 /index.php?m=&c=push&a=server
DEBUG: --- App.class run !!! ---
[ 2017-06-16T15:37:29+08:00 ] ::1 /index.php?m=&c=Flow&a=payment
DEBUG: --- App.class run !!! ---
[ 2017-06-16T15:37:30+08:00 ] ::1 /index.php?m=&c=push&a=client
DEBUG: --- App.class run !!! ---
[ 2017-06-16T15:37:30+08:00 ] ::1 /index.php?m=&c=push&a=server
DEBUG: --- App.class run !!! ---
[ 2017-06-16T15:44:57+08:00 ] ::1 /index.php?m=&c=Flow&a=payment
DEBUG: --- App.class run !!! ---
[ 2017-06-16T15:44:58+08:00 ] ::1 /index.php?m=&c=push&a=client
DEBUG: --- App.class run !!! ---
[ 2017-06-16T15:44:58+08:00 ] ::1 /index.php?m=&c=push&a=server
DEBUG: --- App.class run !!! ---
[ 2017-06-16T15:46:53+08:00 ] ::1 /index.php?m=&c=Flow&a=payment
DEBUG: --- App.class run !!! ---
[ 2017-06-16T15:46:54+08:00 ] ::1 /index.php?m=&c=push&a=client
DEBUG: --- App.class run !!! ---
[ 2017-06-16T15:46:54+08:00 ] ::1 /index.php?m=&c=push&a=server
DEBUG: --- App.class run !!! ---
[ 2017-06-16T15:47:39+08:00 ] ::1 /index.php?m=&c=Flow&a=payment
DEBUG: --- App.class run !!! ---
[ 2017-06-16T15:47:40+08:00 ] ::1 /index.php?m=&c=push&a=client
DEBUG: --- App.class run !!! ---
[ 2017-06-16T15:47:40+08:00 ] ::1 /index.php?m=&c=push&a=server
DEBUG: --- App.class run !!! ---
[ 2017-06-16T15:51:37+08:00 ] ::1 /index.php?m=&c=Flow&a=payment
DEBUG: --- App.class run !!! ---
[ 2017-06-16T15:51:38+08:00 ] ::1 /index.php?m=&c=push&a=client
DEBUG: --- App.class run !!! ---
[ 2017-06-16T15:51:39+08:00 ] ::1 /index.php?m=&c=push&a=server
DEBUG: --- App.class run !!! ---
[ 2017-06-16T15:51:43+08:00 ] ::1 /index.php?m=&c=Payment&a=index
DEBUG: --- App.class run !!! ---
[ 2017-06-16T15:51:45+08:00 ] ::1 /index.php?m=&c=push&a=server
DEBUG: --- App.class run !!! ---
[ 2017-06-16T15:51:46+08:00 ] ::1 /index.php?m=&c=public&a=logout
DEBUG: --- App.class run !!! ---
[ 2017-06-16T15:51:48+08:00 ] ::1 /index.php
DEBUG: --- App.class run !!! ---
[ 2017-06-16T15:51:48+08:00 ] ::1 /index.php?m=&c=public&a=login
DEBUG: --- App.class run !!! ---
[ 2017-06-16T15:59:39+08:00 ] ::1 /index.php?m=&c=public&a=check_login
DEBUG: --- App.class run !!! ---
[ 2017-06-16T15:59:40+08:00 ] ::1 /index.php?m=&c=public&a=login
DEBUG: --- App.class run !!! ---
[ 2017-06-16T15:59:40+08:00 ] ::1 /index.php
DEBUG: --- App.class run !!! ---
[ 2017-06-16T15:59:43+08:00 ] ::1 /index.php?m=&c=Flow&a=index
DEBUG: --- App.class run !!! ---
[ 2017-06-16T15:59:43+08:00 ] ::1 /index.php?m=&c=push&a=client
DEBUG: --- App.class run !!! ---
[ 2017-06-16T15:59:44+08:00 ] ::1 /index.php?m=&c=push&a=server
DEBUG: --- App.class run !!! ---
[ 2017-06-16T15:59:45+08:00 ] ::1 /index.php?m=&c=Flow&a=payment
DEBUG: --- App.class run !!! ---
[ 2017-06-16T15:59:46+08:00 ] ::1 /index.php?m=&c=push&a=client
DEBUG: --- App.class run !!! ---
[ 2017-06-16T15:59:47+08:00 ] ::1 /index.php?m=&c=push&a=server
DEBUG: --- App.class run !!! ---
[ 2017-06-16T16:03:27+08:00 ] ::1 /index.php?m=&c=Flow&a=payment
DEBUG: --- App.class run !!! ---
[ 2017-06-16T16:03:28+08:00 ] ::1 /index.php?m=&c=push&a=client
DEBUG: --- App.class run !!! ---
[ 2017-06-16T16:03:28+08:00 ] ::1 /index.php?m=&c=push&a=server
DEBUG: --- App.class run !!! ---
[ 2017-06-16T16:03:36+08:00 ] ::1 /index.php?m=&c=Flow&a=payment
DEBUG: --- App.class run !!! ---
[ 2017-06-16T16:03:37+08:00 ] ::1 /index.php?m=&c=push&a=client
DEBUG: --- App.class run !!! ---
[ 2017-06-16T16:03:37+08:00 ] ::1 /index.php?m=&c=push&a=server
DEBUG: --- App.class run !!! ---
[ 2017-06-16T16:04:03+08:00 ] ::1 /index.php?m=&c=Flow&a=payment
DEBUG: --- App.class run !!! ---
[ 2017-06-16T16:04:04+08:00 ] ::1 /index.php?m=&c=push&a=client
DEBUG: --- App.class run !!! ---
[ 2017-06-16T16:04:04+08:00 ] ::1 /index.php?m=&c=push&a=server
DEBUG: --- App.class run !!! ---
[ 2017-06-16T16:05:16+08:00 ] ::1 /index.php?m=&c=Flow&a=payment
DEBUG: --- App.class run !!! ---
[ 2017-06-16T16:05:17+08:00 ] ::1 /index.php?m=&c=push&a=client
DEBUG: --- App.class run !!! ---
[ 2017-06-16T16:05:18+08:00 ] ::1 /index.php?m=&c=push&a=server
DEBUG: --- App.class run !!! ---
[ 2017-06-16T16:05:27+08:00 ] ::1 /index.php?m=&c=Flow&a=payment
DEBUG: --- App.class run !!! ---
[ 2017-06-16T16:05:28+08:00 ] ::1 /index.php?m=&c=push&a=client
DEBUG: --- App.class run !!! ---
[ 2017-06-16T16:05:28+08:00 ] ::1 /index.php?m=&c=push&a=server
DEBUG: --- App.class run !!! ---
[ 2017-06-16T16:05:56+08:00 ] ::1 /index.php?m=&c=Flow&a=payment
DEBUG: --- App.class run !!! ---
[ 2017-06-16T16:05:57+08:00 ] ::1 /index.php?m=&c=push&a=client
DEBUG: --- App.class run !!! ---
[ 2017-06-16T16:05:58+08:00 ] ::1 /index.php?m=&c=push&a=server
DEBUG: --- App.class run !!! ---
[ 2017-06-16T16:12:29+08:00 ] ::1 /index.php?m=&c=Flow&a=payment
DEBUG: --- App.class run !!! ---
[ 2017-06-16T16:12:30+08:00 ] ::1 /index.php?m=&c=push&a=client
DEBUG: --- App.class run !!! ---
[ 2017-06-16T16:12:30+08:00 ] ::1 /index.php?m=&c=push&a=server
DEBUG: --- App.class run !!! ---
[ 2017-06-16T16:35:35+08:00 ] ::1 /index.php?m=&c=Flow&a=payment
DEBUG: --- App.class run !!! ---
[ 2017-06-16T16:35:36+08:00 ] ::1 /index.php?m=&c=push&a=client
DEBUG: --- App.class run !!! ---
[ 2017-06-16T16:35:36+08:00 ] ::1 /index.php?m=&c=push&a=server
DEBUG: --- App.class run !!! ---
[ 2017-06-16T16:36:02+08:00 ] ::1 /index.php?m=&c=Flow&a=payment
DEBUG: --- App.class run !!! ---
[ 2017-06-16T16:36:02+08:00 ] ::1 /index.php?m=&c=push&a=client
DEBUG: --- App.class run !!! ---
[ 2017-06-16T16:36:03+08:00 ] ::1 /index.php?m=&c=push&a=server
DEBUG: --- App.class run !!! ---
[ 2017-06-16T16:36:16+08:00 ] ::1 /index.php?m=&c=push&a=server
DEBUG: --- App.class run !!! ---
[ 2017-06-16T16:36:23+08:00 ] ::1 /index.php?m=&c=Flow&a=payment
DEBUG: --- App.class run !!! ---
[ 2017-06-16T16:36:24+08:00 ] ::1 /index.php?m=&c=push&a=client
DEBUG: --- App.class run !!! ---
[ 2017-06-16T16:36:24+08:00 ] ::1 /index.php?m=&c=push&a=server
DEBUG: --- App.class run !!! ---
[ 2017-06-16T16:36:30+08:00 ] ::1 /index.php?m=&c=Flow&a=payment
DEBUG: --- App.class run !!! ---
[ 2017-06-16T16:36:31+08:00 ] ::1 /index.php?m=&c=push&a=client
DEBUG: --- App.class run !!! ---
[ 2017-06-16T16:36:31+08:00 ] ::1 /index.php?m=&c=push&a=server
DEBUG: --- App.class run !!! ---
[ 2017-06-16T16:36:52+08:00 ] ::1 /index.php?m=&c=Flow&a=payment
DEBUG: --- App.class run !!! ---
[ 2017-06-16T16:36:53+08:00 ] ::1 /index.php?m=&c=push&a=client
DEBUG: --- App.class run !!! ---
[ 2017-06-16T16:36:54+08:00 ] ::1 /index.php?m=&c=push&a=server
DEBUG: --- App.class run !!! ---
[ 2017-06-16T16:42:44+08:00 ] ::1 /index.php?m=&c=Flow&a=payment
DEBUG: --- App.class run !!! ---
[ 2017-06-16T16:42:45+08:00 ] ::1 /index.php?m=&c=push&a=client
DEBUG: --- App.class run !!! ---
[ 2017-06-16T16:42:45+08:00 ] ::1 /index.php?m=&c=push&a=server
DEBUG: --- App.class run !!! ---
[ 2017-06-16T16:42:49+08:00 ] ::1 /index.php?m=&c=Flow&a=payment
DEBUG: --- App.class run !!! ---
[ 2017-06-16T16:42:50+08:00 ] ::1 /index.php?m=&c=push&a=client
DEBUG: --- App.class run !!! ---
[ 2017-06-16T16:42:50+08:00 ] ::1 /index.php?m=&c=push&a=server
DEBUG: --- App.class run !!! ---
[ 2017-06-16T16:42:56+08:00 ] ::1 /index.php?m=&c=Flow&a=payment
DEBUG: --- App.class run !!! ---
[ 2017-06-16T16:42:56+08:00 ] ::1 /index.php?m=&c=push&a=client
DEBUG: --- App.class run !!! ---
[ 2017-06-16T16:42:57+08:00 ] ::1 /index.php?m=&c=push&a=server
DEBUG: --- App.class run !!! ---
[ 2017-06-16T16:43:04+08:00 ] ::1 /index.php?m=&c=Flow&a=payment
DEBUG: --- App.class run !!! ---
[ 2017-06-16T16:43:05+08:00 ] ::1 /index.php?m=&c=push&a=client
DEBUG: --- App.class run !!! ---
[ 2017-06-16T16:43:05+08:00 ] ::1 /index.php?m=&c=push&a=server
DEBUG: --- App.class run !!! ---
[ 2017-06-16T16:43:14+08:00 ] ::1 /index.php?m=&c=Flow&a=payment
DEBUG: --- App.class run !!! ---
[ 2017-06-16T16:43:15+08:00 ] ::1 /index.php?m=&c=push&a=client
DEBUG: --- App.class run !!! ---
[ 2017-06-16T16:43:16+08:00 ] ::1 /index.php?m=&c=push&a=server
DEBUG: --- App.class run !!! ---
[ 2017-06-16T16:43:25+08:00 ] ::1 /index.php?m=&c=Flow&a=payment
DEBUG: --- App.class run !!! ---
[ 2017-06-16T16:43:26+08:00 ] ::1 /index.php?m=&c=push&a=client
DEBUG: --- App.class run !!! ---
[ 2017-06-16T16:43:26+08:00 ] ::1 /index.php?m=&c=push&a=server
DEBUG: --- App.class run !!! ---
[ 2017-06-16T16:43:33+08:00 ] ::1 /index.php?m=&c=Flow&a=payment
DEBUG: --- App.class run !!! ---
[ 2017-06-16T16:43:34+08:00 ] ::1 /index.php?m=&c=push&a=client
DEBUG: --- App.class run !!! ---
[ 2017-06-16T16:43:34+08:00 ] ::1 /index.php?m=&c=push&a=server
DEBUG: --- App.class run !!! ---
[ 2017-06-16T16:43:43+08:00 ] ::1 /index.php?m=&c=Flow&a=payment
DEBUG: --- App.class run !!! ---
[ 2017-06-16T16:43:43+08:00 ] ::1 /index.php?m=&c=push&a=client
DEBUG: --- App.class run !!! ---
[ 2017-06-16T16:43:44+08:00 ] ::1 /index.php?m=&c=push&a=server
DEBUG: --- App.class run !!! ---
[ 2017-06-16T16:43:52+08:00 ] ::1 /index.php?m=&c=Flow&a=payment
DEBUG: --- App.class run !!! ---
[ 2017-06-16T16:43:53+08:00 ] ::1 /index.php?m=&c=push&a=client
DEBUG: --- App.class run !!! ---
[ 2017-06-16T16:43:53+08:00 ] ::1 /index.php?m=&c=push&a=server
DEBUG: --- App.class run !!! ---
[ 2017-06-16T16:44:00+08:00 ] ::1 /index.php?m=&c=Flow&a=payment
DEBUG: --- App.class run !!! ---
[ 2017-06-16T16:44:01+08:00 ] ::1 /index.php?m=&c=push&a=client
DEBUG: --- App.class run !!! ---
[ 2017-06-16T16:44:02+08:00 ] ::1 /index.php?m=&c=push&a=server
DEBUG: --- App.class run !!! ---
[ 2017-06-16T16:44:05+08:00 ] ::1 /index.php?m=&c=Flow&a=payment
DEBUG: --- App.class run !!! ---
[ 2017-06-16T16:44:06+08:00 ] ::1 /index.php?m=&c=push&a=client
DEBUG: --- App.class run !!! ---
[ 2017-06-16T16:44:06+08:00 ] ::1 /index.php?m=&c=push&a=server
DEBUG: --- App.class run !!! ---
