[ 2017-06-14T15:40:59+08:00 ] ::1 /index.php?m=&c=public&a=logout
DEBUG: --- App.class run !!! ---
[ 2017-06-14T15:41:00+08:00 ] ::1 /index.php
DEBUG: --- App.class run !!! ---
[ 2017-06-14T15:41:00+08:00 ] ::1 /index.php?m=&c=public&a=login
DEBUG: --- App.class run !!! ---
[ 2017-06-14T15:41:06+08:00 ] ::1 /index.php?m=&c=public&a=check_login
DEBUG: --- App.class run !!! ---
[ 2017-06-14T15:41:07+08:00 ] ::1 /index.php?m=&c=public&a=login
DEBUG: --- App.class run !!! ---
[ 2017-06-14T15:41:07+08:00 ] ::1 /index.php
DEBUG: --- App.class run !!! ---
[ 2017-06-14T15:41:10+08:00 ] ::1 /index.php?m=&c=Flow&a=index
DEBUG: --- App.class run !!! ---
[ 2017-06-14T15:41:10+08:00 ] ::1 /index.php?m=&c=push&a=client
DEBUG: --- App.class run !!! ---
[ 2017-06-14T15:41:11+08:00 ] ::1 /index.php?m=&c=push&a=server
DEBUG: --- App.class run !!! ---
[ 2017-06-14T15:41:11+08:00 ] ::1 /index.php?m=&c=Flow&a=add&type=57
DEBUG: --- App.class run !!! ---
[ 2017-06-14T15:41:12+08:00 ] ::1 /index.php?m=&c=push&a=client
DEBUG: --- App.class run !!! ---
[ 2017-06-14T15:41:12+08:00 ] ::1 /index.php?m=&c=push&a=server
DEBUG: --- App.class run !!! ---
[ 2017-06-14T15:41:31+08:00 ] ::1 /index.php?m=&c=popup&a=confirm
DEBUG: --- App.class run !!! ---
[ 2017-06-14T15:41:33+08:00 ] ::1 /index.php?m=&c=Popup&a=read
DEBUG: --- App.class run !!! ---
[ 2017-06-14T15:41:51+08:00 ] ::1 /index.php?m=&c=popup&a=confirm
DEBUG: --- App.class run !!! ---
[ 2017-06-14T15:41:53+08:00 ] ::1 /index.php?m=&c=Popup&a=read
DEBUG: --- App.class run !!! ---
[ 2017-06-14T15:42:05+08:00 ] ::1 /index.php?m=&c=Popup&a=read
DEBUG: --- App.class run !!! ---
[ 2017-06-14T15:42:33+08:00 ] ::1 /index.php?m=&c=Flow&a=save
DEBUG: --- App.class run !!! ---
[ 2017-06-14T15:42:36+08:00 ] ::1 /index.php?m=&c=Flow&a=index
DEBUG: --- App.class run !!! ---
[ 2017-06-14T15:42:37+08:00 ] ::1 /index.php?m=&c=push&a=client
DEBUG: --- App.class run !!! ---
[ 2017-06-14T15:42:37+08:00 ] ::1 /index.php?m=&c=push&a=server
DEBUG: --- App.class run !!! ---
[ 2017-06-14T15:42:42+08:00 ] ::1 /index.php?m=&c=public&a=logout
DEBUG: --- App.class run !!! ---
[ 2017-06-14T15:42:43+08:00 ] ::1 /index.php
DEBUG: --- App.class run !!! ---
[ 2017-06-14T15:42:43+08:00 ] ::1 /index.php?m=&c=public&a=login
DEBUG: --- App.class run !!! ---
[ 2017-06-14T15:42:49+08:00 ] ::1 /index.php?m=&c=public&a=check_login
DEBUG: --- App.class run !!! ---
[ 2017-06-14T15:42:50+08:00 ] ::1 /index.php?m=&c=public&a=login
DEBUG: --- App.class run !!! ---
[ 2017-06-14T15:42:50+08:00 ] ::1 /index.php
DEBUG: --- App.class run !!! ---
[ 2017-06-14T15:42:51+08:00 ] ::1 /index.php?m=&c=push&a=client
DEBUG: --- App.class run !!! ---
[ 2017-06-14T15:42:51+08:00 ] ::1 /index.php?m=&c=push&a=server
DEBUG: --- App.class run !!! ---
[ 2017-06-14T15:42:52+08:00 ] ::1 /index.php?m=&c=push&a=server
DEBUG: --- App.class run !!! ---
[ 2017-06-14T15:42:52+08:00 ] ::1 /index.php?m=&c=flow&a=read&id=240&fid=confirm&return_url=Flow/folder?fid=confirm
DEBUG: --- App.class run !!! ---
[ 2017-06-14T15:42:53+08:00 ] ::1 /index.php?m=&c=push&a=client
DEBUG: --- App.class run !!! ---
[ 2017-06-14T15:42:53+08:00 ] ::1 /index.php?m=&c=push&a=server
DEBUG: --- App.class run !!! ---
[ 2017-06-14T15:42:56+08:00 ] ::1 /index.php?m=&c=push&a=server
DEBUG: --- App.class run !!! ---
[ 2017-06-14T15:42:57+08:00 ] ::1 /index.php?m=&c=public&a=logout
DEBUG: --- App.class run !!! ---
[ 2017-06-14T15:42:58+08:00 ] ::1 /index.php
DEBUG: --- App.class run !!! ---
[ 2017-06-14T15:42:58+08:00 ] ::1 /index.php?m=&c=public&a=login
DEBUG: --- App.class run !!! ---
[ 2017-06-14T15:43:02+08:00 ] ::1 /index.php?m=&c=public&a=check_login
DEBUG: --- App.class run !!! ---
[ 2017-06-14T15:43:03+08:00 ] ::1 /index.php?m=&c=public&a=login
DEBUG: --- App.class run !!! ---
[ 2017-06-14T15:43:03+08:00 ] ::1 /index.php
DEBUG: --- App.class run !!! ---
[ 2017-06-14T15:43:04+08:00 ] ::1 /index.php?m=&c=push&a=client
DEBUG: --- App.class run !!! ---
[ 2017-06-14T15:43:04+08:00 ] ::1 /index.php?m=&c=push&a=server
DEBUG: --- App.class run !!! ---
