[ 2017-06-15T10:25:39+08:00 ] ::1 /
DEBUG: --- App.class run !!! ---
[ 2017-06-15T10:25:41+08:00 ] ::1 /index.php?m=&c=push&a=client
DEBUG: --- App.class run !!! ---
[ 2017-06-15T10:25:42+08:00 ] ::1 /index.php?m=&c=push&a=server
DEBUG: --- App.class run !!! ---
[ 2017-06-15T10:25:45+08:00 ] ::1 /index.php?m=&c=Flow&a=index
DEBUG: --- App.class run !!! ---
[ 2017-06-15T10:25:45+08:00 ] ::1 /index.php?m=&c=push&a=client
DEBUG: --- App.class run !!! ---
[ 2017-06-15T10:25:46+08:00 ] ::1 /index.php?m=&c=push&a=server
DEBUG: --- App.class run !!! ---
[ 2017-06-15T10:25:47+08:00 ] ::1 /index.php?m=&c=public&a=logout
DEBUG: --- App.class run !!! ---
[ 2017-06-15T10:25:49+08:00 ] ::1 /index.php
DEBUG: --- App.class run !!! ---
[ 2017-06-15T10:25:49+08:00 ] ::1 /index.php?m=&c=public&a=login
DEBUG: --- App.class run !!! ---
[ 2017-06-15T10:26:08+08:00 ] ::1 /index.php?m=&c=public&a=check_login
DEBUG: --- App.class run !!! ---
[ 2017-06-15T10:26:09+08:00 ] ::1 /index.php?m=&c=public&a=login
DEBUG: --- App.class run !!! ---
[ 2017-06-15T10:26:10+08:00 ] ::1 /index.php
DEBUG: --- App.class run !!! ---
[ 2017-06-15T10:26:12+08:00 ] ::1 /index.php?m=&c=Flow&a=index
DEBUG: --- App.class run !!! ---
[ 2017-06-15T10:26:12+08:00 ] ::1 /index.php?m=&c=push&a=client
DEBUG: --- App.class run !!! ---
[ 2017-06-15T10:26:13+08:00 ] ::1 /index.php?m=&c=push&a=server
DEBUG: --- App.class run !!! ---
[ 2017-06-15T10:26:13+08:00 ] ::1 /index.php?m=&c=Flow&a=add&type=57
DEBUG: --- App.class run !!! ---
[ 2017-06-15T10:26:14+08:00 ] ::1 /index.php?m=&c=push&a=client
DEBUG: --- App.class run !!! ---
[ 2017-06-15T10:26:15+08:00 ] ::1 /index.php?m=&c=push&a=server
DEBUG: --- App.class run !!! ---
[ 2017-06-15T10:26:33+08:00 ] ::1 /index.php?m=&c=popup&a=confirm
DEBUG: --- App.class run !!! ---
[ 2017-06-15T10:26:35+08:00 ] ::1 /index.php?m=&c=Popup&a=read
DEBUG: --- App.class run !!! ---
[ 2017-06-15T10:26:44+08:00 ] ::1 /index.php?m=&c=popup&a=confirm
DEBUG: --- App.class run !!! ---
[ 2017-06-15T10:26:46+08:00 ] ::1 /index.php?m=&c=Popup&a=read
DEBUG: --- App.class run !!! ---
[ 2017-06-15T10:27:13+08:00 ] ::1 /index.php?m=&c=popup&a=confirm
DEBUG: --- App.class run !!! ---
[ 2017-06-15T10:27:16+08:00 ] ::1 /index.php?m=&c=Popup&a=read
DEBUG: --- App.class run !!! ---
[ 2017-06-15T10:27:21+08:00 ] ::1 /index.php?m=&c=Popup&a=read
DEBUG: --- App.class run !!! ---
[ 2017-06-15T10:27:34+08:00 ] ::1 /index.php?m=&c=Popup&a=read
DEBUG: --- App.class run !!! ---
[ 2017-06-15T10:27:52+08:00 ] ::1 /index.php?m=&c=Flow&a=save
DEBUG: --- App.class run !!! ---
[ 2017-06-15T10:27:55+08:00 ] ::1 /index.php?m=&c=Flow&a=index
DEBUG: --- App.class run !!! ---
[ 2017-06-15T10:27:56+08:00 ] ::1 /index.php?m=&c=push&a=client
DEBUG: --- App.class run !!! ---
[ 2017-06-15T10:27:56+08:00 ] ::1 /index.php?m=&c=push&a=server
DEBUG: --- App.class run !!! ---
[ 2017-06-15T10:27:58+08:00 ] ::1 /index.php?m=&c=public&a=logout
DEBUG: --- App.class run !!! ---
[ 2017-06-15T10:27:59+08:00 ] ::1 /index.php
DEBUG: --- App.class run !!! ---
[ 2017-06-15T10:27:59+08:00 ] ::1 /index.php?m=&c=public&a=login
DEBUG: --- App.class run !!! ---
[ 2017-06-15T10:28:04+08:00 ] ::1 /index.php?m=&c=public&a=check_login
DEBUG: --- App.class run !!! ---
[ 2017-06-15T10:28:18+08:00 ] ::1 /index.php?m=&c=public&a=check_login
DEBUG: --- App.class run !!! ---
[ 2017-06-15T10:28:19+08:00 ] ::1 /index.php?m=&c=public&a=login
DEBUG: --- App.class run !!! ---
[ 2017-06-15T10:28:19+08:00 ] ::1 /index.php
DEBUG: --- App.class run !!! ---
[ 2017-06-15T10:28:20+08:00 ] ::1 /index.php?m=&c=push&a=client
DEBUG: --- App.class run !!! ---
[ 2017-06-15T10:28:20+08:00 ] ::1 /index.php?m=&c=push&a=server
DEBUG: --- App.class run !!! ---
[ 2017-06-15T10:28:20+08:00 ] ::1 /index.php?m=&c=push&a=server
DEBUG: --- App.class run !!! ---
[ 2017-06-15T10:28:21+08:00 ] ::1 /index.php?m=&c=flow&a=read&id=241&fid=confirm&return_url=Flow/folder?fid=confirm
DEBUG: --- App.class run !!! ---
[ 2017-06-15T10:28:22+08:00 ] ::1 /index.php?m=&c=push&a=client
DEBUG: --- App.class run !!! ---
[ 2017-06-15T10:28:23+08:00 ] ::1 /index.php?m=&c=push&a=server
DEBUG: --- App.class run !!! ---
[ 2017-06-15T10:28:25+08:00 ] ::1 /index.php?m=&c=public&a=logout
DEBUG: --- App.class run !!! ---
[ 2017-06-15T10:28:26+08:00 ] ::1 /index.php
DEBUG: --- App.class run !!! ---
[ 2017-06-15T10:28:26+08:00 ] ::1 /index.php?m=&c=public&a=login
DEBUG: --- App.class run !!! ---
[ 2017-06-15T10:28:30+08:00 ] ::1 /index.php?m=&c=public&a=check_login
DEBUG: --- App.class run !!! ---
[ 2017-06-15T10:28:31+08:00 ] ::1 /index.php?m=&c=public&a=login
DEBUG: --- App.class run !!! ---
[ 2017-06-15T10:28:31+08:00 ] ::1 /index.php
DEBUG: --- App.class run !!! ---
[ 2017-06-15T10:28:32+08:00 ] ::1 /index.php?m=&c=push&a=client
DEBUG: --- App.class run !!! ---
[ 2017-06-15T10:28:32+08:00 ] ::1 /index.php?m=&c=push&a=server
DEBUG: --- App.class run !!! ---
[ 2017-06-15T10:41:21+08:00 ] ::1 /index.php?m=&c=Flow&a=index
DEBUG: --- App.class run !!! ---
[ 2017-06-15T10:41:22+08:00 ] ::1 /index.php?m=&c=push&a=client
DEBUG: --- App.class run !!! ---
[ 2017-06-15T10:41:22+08:00 ] ::1 /index.php?m=&c=push&a=server
DEBUG: --- App.class run !!! ---
[ 2017-06-15T10:41:23+08:00 ] ::1 /index.php?m=&c=Flow&a=add&type=57
DEBUG: --- App.class run !!! ---
[ 2017-06-15T10:41:24+08:00 ] ::1 /index.php?m=&c=push&a=client
DEBUG: --- App.class run !!! ---
[ 2017-06-15T10:41:24+08:00 ] ::1 /index.php?m=&c=push&a=server
DEBUG: --- App.class run !!! ---
[ 2017-06-15T10:42:12+08:00 ] ::1 /index.php?m=&c=popup&a=confirm
DEBUG: --- App.class run !!! ---
[ 2017-06-15T10:42:15+08:00 ] ::1 /index.php?m=&c=Popup&a=read
DEBUG: --- App.class run !!! ---
[ 2017-06-15T10:42:34+08:00 ] ::1 /index.php?m=&c=public&a=logout
DEBUG: --- App.class run !!! ---
[ 2017-06-15T10:42:35+08:00 ] ::1 /index.php
DEBUG: --- App.class run !!! ---
[ 2017-06-15T10:42:35+08:00 ] ::1 /index.php?m=&c=public&a=login
DEBUG: --- App.class run !!! ---
[ 2017-06-15T10:42:49+08:00 ] ::1 /index.php?m=&c=public&a=check_login
DEBUG: --- App.class run !!! ---
[ 2017-06-15T10:42:50+08:00 ] ::1 /index.php?m=&c=public&a=login
DEBUG: --- App.class run !!! ---
[ 2017-06-15T10:42:50+08:00 ] ::1 /index.php
DEBUG: --- App.class run !!! ---
[ 2017-06-15T10:43:00+08:00 ] ::1 /index.php?m=&c=Flow&a=index
DEBUG: --- App.class run !!! ---
[ 2017-06-15T10:43:01+08:00 ] ::1 /index.php?m=&c=push&a=client
DEBUG: --- App.class run !!! ---
[ 2017-06-15T10:43:01+08:00 ] ::1 /index.php?m=&c=push&a=server
DEBUG: --- App.class run !!! ---
[ 2017-06-15T10:43:02+08:00 ] ::1 /index.php?m=&c=Flow&a=add&type=57
DEBUG: --- App.class run !!! ---
[ 2017-06-15T10:43:02+08:00 ] ::1 /index.php?m=&c=push&a=client
DEBUG: --- App.class run !!! ---
[ 2017-06-15T10:43:03+08:00 ] ::1 /index.php?m=&c=push&a=server
DEBUG: --- App.class run !!! ---
[ 2017-06-15T10:43:25+08:00 ] ::1 /index.php?m=&c=popup&a=confirm
DEBUG: --- App.class run !!! ---
[ 2017-06-15T10:43:28+08:00 ] ::1 /index.php?m=&c=Popup&a=read
DEBUG: --- App.class run !!! ---
[ 2017-06-15T10:44:02+08:00 ] ::1 /index.php?m=&c=Flow&a=save
DEBUG: --- App.class run !!! ---
[ 2017-06-15T10:44:05+08:00 ] ::1 /index.php?m=&c=Flow&a=index
DEBUG: --- App.class run !!! ---
[ 2017-06-15T10:44:05+08:00 ] ::1 /index.php?m=&c=push&a=client
DEBUG: --- App.class run !!! ---
[ 2017-06-15T10:44:06+08:00 ] ::1 /index.php?m=&c=push&a=server
DEBUG: --- App.class run !!! ---
[ 2017-06-15T10:49:24+08:00 ] ::1 /index.php?m=&c=Flow&a=add&type=57
DEBUG: --- App.class run !!! ---
[ 2017-06-15T10:49:24+08:00 ] ::1 /index.php?m=&c=push&a=client
DEBUG: --- App.class run !!! ---
[ 2017-06-15T10:49:25+08:00 ] ::1 /index.php?m=&c=push&a=server
DEBUG: --- App.class run !!! ---
[ 2017-06-15T10:53:37+08:00 ] ::1 /index.php?m=&c=popup&a=confirm
DEBUG: --- App.class run !!! ---
[ 2017-06-15T10:53:39+08:00 ] ::1 /index.php?m=&c=Popup&a=read
DEBUG: --- App.class run !!! ---
[ 2017-06-15T10:54:19+08:00 ] ::1 /index.php?m=&c=Flow&a=save
DEBUG: --- App.class run !!! ---
[ 2017-06-15T10:54:21+08:00 ] ::1 /index.php?m=&c=Flow&a=index
DEBUG: --- App.class run !!! ---
[ 2017-06-15T10:54:22+08:00 ] ::1 /index.php?m=&c=push&a=client
DEBUG: --- App.class run !!! ---
[ 2017-06-15T10:54:22+08:00 ] ::1 /index.php?m=&c=push&a=server
DEBUG: --- App.class run !!! ---
[ 2017-06-15T10:59:04+08:00 ] ::1 /index.php?m=&c=Flow&a=add&type=57
DEBUG: --- App.class run !!! ---
[ 2017-06-15T10:59:05+08:00 ] ::1 /index.php?m=&c=push&a=client
DEBUG: --- App.class run !!! ---
[ 2017-06-15T10:59:06+08:00 ] ::1 /index.php?m=&c=push&a=server
DEBUG: --- App.class run !!! ---
[ 2017-06-15T10:59:23+08:00 ] ::1 /index.php?m=&c=popup&a=confirm
DEBUG: --- App.class run !!! ---
[ 2017-06-15T10:59:26+08:00 ] ::1 /index.php?m=&c=Popup&a=read
DEBUG: --- App.class run !!! ---
[ 2017-06-15T11:00:07+08:00 ] ::1 /index.php?m=&c=Flow&a=save
DEBUG: --- App.class run !!! ---
[ 2017-06-15T11:00:10+08:00 ] ::1 /index.php?m=&c=Flow&a=index
DEBUG: --- App.class run !!! ---
[ 2017-06-15T11:00:10+08:00 ] ::1 /index.php?m=&c=push&a=client
DEBUG: --- App.class run !!! ---
[ 2017-06-15T11:00:11+08:00 ] ::1 /index.php?m=&c=push&a=server
DEBUG: --- App.class run !!! ---
[ 2017-06-15T11:01:49+08:00 ] ::1 /index.php?m=&c=Flow&a=add&type=57
DEBUG: --- App.class run !!! ---
[ 2017-06-15T11:01:50+08:00 ] ::1 /index.php?m=&c=push&a=client
DEBUG: --- App.class run !!! ---
[ 2017-06-15T11:01:50+08:00 ] ::1 /index.php?m=&c=push&a=server
DEBUG: --- App.class run !!! ---
[ 2017-06-15T11:02:14+08:00 ] ::1 /index.php?m=&c=popup&a=confirm
DEBUG: --- App.class run !!! ---
[ 2017-06-15T11:02:16+08:00 ] ::1 /index.php?m=&c=Popup&a=read
DEBUG: --- App.class run !!! ---
[ 2017-06-15T11:02:37+08:00 ] ::1 /index.php?m=&c=Flow&a=save
DEBUG: --- App.class run !!! ---
[ 2017-06-15T11:02:57+08:00 ] ::1 /index.php?m=&c=Flow&a=index
DEBUG: --- App.class run !!! ---
[ 2017-06-15T11:02:58+08:00 ] ::1 /index.php?m=&c=push&a=client
DEBUG: --- App.class run !!! ---
[ 2017-06-15T11:02:58+08:00 ] ::1 /index.php?m=&c=push&a=server
DEBUG: --- App.class run !!! ---
[ 2017-06-15T13:01:28+08:00 ] ::1 /index.php?m=&c=public&a=logout
DEBUG: --- App.class run !!! ---
[ 2017-06-15T13:01:29+08:00 ] ::1 /index.php
DEBUG: --- App.class run !!! ---
[ 2017-06-15T13:01:29+08:00 ] ::1 /index.php?m=&c=public&a=login
DEBUG: --- App.class run !!! ---
[ 2017-06-15T13:02:46+08:00 ] ::1 /index.php?m=&c=public&a=check_login
DEBUG: --- App.class run !!! ---
[ 2017-06-15T13:02:47+08:00 ] ::1 /index.php?m=&c=public&a=login
DEBUG: --- App.class run !!! ---
[ 2017-06-15T13:02:47+08:00 ] ::1 /index.php
DEBUG: --- App.class run !!! ---
[ 2017-06-15T13:02:48+08:00 ] ::1 /index.php?m=&c=push&a=client
DEBUG: --- App.class run !!! ---
[ 2017-06-15T13:02:48+08:00 ] ::1 /index.php?m=&c=push&a=server
DEBUG: --- App.class run !!! ---
[ 2017-06-15T13:02:49+08:00 ] ::1 /index.php?m=&c=Payment&a=index
DEBUG: --- App.class run !!! ---
[ 2017-06-15T13:02:50+08:00 ] ::1 /index.php?m=&c=push&a=client
DEBUG: --- App.class run !!! ---
[ 2017-06-15T13:02:51+08:00 ] ::1 /index.php?m=&c=push&a=server
DEBUG: --- App.class run !!! ---
[ 2017-06-15T13:29:44+08:00 ] ::1 /
DEBUG: --- App.class run !!! ---
[ 2017-06-15T13:29:45+08:00 ] ::1 /index.php?m=&c=push&a=client
DEBUG: --- App.class run !!! ---
[ 2017-06-15T13:29:45+08:00 ] ::1 /index.php?m=&c=push&a=server
DEBUG: --- App.class run !!! ---
[ 2017-06-15T13:29:46+08:00 ] ::1 /index.php?m=&c=Flow&a=index
DEBUG: --- App.class run !!! ---
[ 2017-06-15T13:29:47+08:00 ] ::1 /index.php?m=&c=push&a=client
DEBUG: --- App.class run !!! ---
[ 2017-06-15T13:29:47+08:00 ] ::1 /index.php?m=&c=push&a=server
DEBUG: --- App.class run !!! ---
[ 2017-06-15T13:29:48+08:00 ] ::1 /index.php?m=&c=Flow&a=add&type=57
DEBUG: --- App.class run !!! ---
[ 2017-06-15T13:29:49+08:00 ] ::1 /index.php?m=&c=push&a=client
DEBUG: --- App.class run !!! ---
[ 2017-06-15T13:29:49+08:00 ] ::1 /index.php?m=&c=push&a=server
DEBUG: --- App.class run !!! ---
[ 2017-06-15T16:16:43+08:00 ] ::1 /index.php?m=&c=public&a=logout
DEBUG: --- App.class run !!! ---
[ 2017-06-15T16:16:44+08:00 ] ::1 /index.php
DEBUG: --- App.class run !!! ---
[ 2017-06-15T16:16:44+08:00 ] ::1 /index.php?m=&c=public&a=login
DEBUG: --- App.class run !!! ---
